2022-10-20 00:17:43,365 [INFO] Activator:177 - 


2022-10-20 00:17:43,366 [INFO] Activator:178 - !SESSION log4j initialized
2022-10-20 00:17:48,411 [INFO] McuFinderGlobals:44 - Set McuFinder mode to 2 (CubeIDE integrated)
2022-10-20 00:17:49,749 [INFO] ApplicationProperties:181 - Using Application install path: C:\ST\STM32CubeIDE_1.10.1\STM32CubeIDE\plugins\com.st.stm32cube.common.mx_6.6.1.202207061420
2022-10-20 00:17:49,772 [INFO] DbMcusXml:77 - Set database path to: C:\ST\STM32CubeIDE_1.10.1\STM32CubeIDE\plugins\com.st.stm32cube.common.mx_6.6.1.202207061420\\db\/mcu/
2022-10-20 00:17:49,773 [INFO] ApiDb:269 - Set plugin database path to: C:\ST\STM32CubeIDE_1.10.1\STM32CubeIDE\plugins\com.st.stm32cube.common.mx_6.6.1.202207061420\\db\/plugins/boardmanager/
2022-10-20 00:17:49,776 [WARN] ApiDb:254 - Overriding images path with different value:  => C:\ST\STM32CubeIDE_1.10.1\STM32CubeIDE\plugins\com.st.stm32cube.common.mx_6.6.1.202207061420\\db\/plugins/mcufinder/images/
2022-10-20 00:17:49,800 [INFO] ApiDb:249 - Set database path to: C:\Users\blue\.stmcufinder\plugins\mcufinder//mcu/
2022-10-20 00:17:49,802 [INFO] DbMcusAds:124 - Set database path to: C:\Users\blue\.stmcufinder\plugins\mcufinder//mcu/
2022-10-20 00:17:49,806 [INFO] CrossReferenceDbSqlite:201 - Set database path to: C:\Users\blue\.stmcufinder\plugins\mcufinder//mcu/cs/
2022-10-20 00:17:49,950 [INFO] RulesReader:61 - Compatibility file has been processed (282 Rules)
2022-10-20 00:17:50,063 [INFO] DbMcusXml:77 - Set database path to: C:\ST\STM32CubeIDE_1.10.1\STM32CubeIDE\plugins\com.st.stm32cube.common.mx_6.6.1.202207061420\\db\/mcu/
2022-10-20 00:17:50,063 [INFO] ApiDb:269 - Set plugin database path to: C:\ST\STM32CubeIDE_1.10.1\STM32CubeIDE\plugins\com.st.stm32cube.common.mx_6.6.1.202207061420\\db\/plugins/boardmanager/
2022-10-20 00:17:50,064 [INFO] ApiDb:256 - Set plugin images path to: C:\ST\STM32CubeIDE_1.10.1\STM32CubeIDE\plugins\com.st.stm32cube.common.mx_6.6.1.202207061420\\db\/plugins/mcufinder/images/
2022-10-20 00:17:50,064 [WARN] DbFile:40 - Overriding database path with different value: C:\Users\blue\.stmcufinder\plugins\mcufinder/ => C:\Users\blue\.stmcufinder\plugins\mcufinder
2022-10-20 00:17:50,064 [INFO] ApiDb:249 - Set database path to: C:\Users\blue\.stmcufinder\plugins\mcufinder//mcu/
2022-10-20 00:17:50,064 [WARN] DbFile:40 - Overriding database path with different value: C:\Users\blue\.stmcufinder\plugins\mcufinder/ => C:\Users\blue\.stmcufinder\plugins\mcufinder
2022-10-20 00:17:50,065 [INFO] DbMcusAds:124 - Set database path to: C:\Users\blue\.stmcufinder\plugins\mcufinder//mcu/
2022-10-20 00:17:50,066 [WARN] DbFile:40 - Overriding database path with different value: C:\Users\blue\.stmcufinder\plugins\mcufinder/ => C:\Users\blue\.stmcufinder\plugins\mcufinder
2022-10-20 00:17:50,066 [WARN] DbFile:40 - Overriding database path with different value: C:\Users\blue\.stmcufinder\plugins\mcufinder/ => C:\Users\blue\.stmcufinder\plugins\mcufinder
2022-10-20 00:17:50,066 [INFO] CrossReferenceDbSqlite:201 - Set database path to: C:\Users\blue\.stmcufinder\plugins\mcufinder//mcu/cs/
2022-10-20 00:17:50,173 [INFO] MainPanel:242 - HeapMemory: 268435456
2022-10-20 00:17:50,283 [INFO] DbMcusXml:77 - Set database path to: C:\ST\STM32CubeIDE_1.10.1\STM32CubeIDE\plugins\com.st.stm32cube.common.mx_6.6.1.202207061420\\db\/mcu/
2022-10-20 00:17:50,283 [INFO] ApiDb:269 - Set plugin database path to: C:\ST\STM32CubeIDE_1.10.1\STM32CubeIDE\plugins\com.st.stm32cube.common.mx_6.6.1.202207061420\\db\/plugins/boardmanager/
2022-10-20 00:17:50,283 [INFO] ApiDb:256 - Set plugin images path to: C:\ST\STM32CubeIDE_1.10.1\STM32CubeIDE\plugins\com.st.stm32cube.common.mx_6.6.1.202207061420\\db\/plugins/mcufinder/images/
2022-10-20 00:17:50,284 [WARN] DbFile:40 - Overriding database path with different value: C:\Users\blue\.stmcufinder\plugins\mcufinder/ => C:\Users\blue\.stmcufinder\plugins\mcufinder
2022-10-20 00:17:50,284 [INFO] ApiDb:249 - Set database path to: C:\Users\blue\.stmcufinder\plugins\mcufinder//mcu/
2022-10-20 00:17:50,284 [WARN] DbFile:40 - Overriding database path with different value: C:\Users\blue\.stmcufinder\plugins\mcufinder/ => C:\Users\blue\.stmcufinder\plugins\mcufinder
2022-10-20 00:17:50,284 [INFO] DbMcusAds:124 - Set database path to: C:\Users\blue\.stmcufinder\plugins\mcufinder//mcu/
2022-10-20 00:17:50,284 [WARN] DbFile:40 - Overriding database path with different value: C:\Users\blue\.stmcufinder\plugins\mcufinder/ => C:\Users\blue\.stmcufinder\plugins\mcufinder
2022-10-20 00:17:50,284 [WARN] DbFile:40 - Overriding database path with different value: C:\Users\blue\.stmcufinder\plugins\mcufinder/ => C:\Users\blue\.stmcufinder\plugins\mcufinder
2022-10-20 00:17:50,285 [INFO] CrossReferenceDbSqlite:201 - Set database path to: C:\Users\blue\.stmcufinder\plugins\mcufinder//mcu/cs/
2022-10-20 00:17:50,307 [INFO] ApplicationProperties:181 - Using Application install path: C:\ST\STM32CubeIDE_1.10.1\STM32CubeIDE\plugins\com.st.stm32cube.common.mx_6.6.1.202207061420
2022-10-20 00:17:50,308 [INFO] PluginManage:193 - Search for loadable plugins [exclusion list=, ]
2022-10-20 00:17:50,310 [INFO] PluginManage:307 - Check plugin analytics
2022-10-20 00:17:53,752 [INFO] AnalyticsPlugin:262 - Accepted Software Licenses: 
2022-10-20 00:17:53,755 [INFO] AnalyticsPlugin:264 - Accepted CMSIS Pack Licenses: 
2022-10-20 00:17:53,755 [INFO] AnalyticsPlugin:266 - Accepted Firmware Licenses: 
2022-10-20 00:17:53,769 [INFO] PluginManage:356 - Loaded plugin analytics (category:tool,tabindex:-1)
2022-10-20 00:17:53,770 [INFO] PluginManage:307 - Check plugin cadmodel
2022-10-20 00:17:53,791 [INFO] CADModel:65 - Init CAD model plugin
2022-10-20 00:17:53,792 [INFO] PluginManage:356 - Loaded plugin cadmodel (category:power,tabindex:5)
2022-10-20 00:17:53,792 [INFO] PluginManage:307 - Check plugin clock
2022-10-20 00:17:53,826 [INFO] PluginManage:356 - Loaded plugin clock (category:base,tabindex:2)
2022-10-20 00:17:53,826 [INFO] PluginManage:307 - Check plugin ddr
2022-10-20 00:17:53,831 [INFO] PluginManage:356 - Loaded plugin ddr (category:tool,tabindex:6)
2022-10-20 00:17:53,831 [INFO] PluginManage:307 - Check plugin filemanager
2022-10-20 00:17:54,018 [INFO] PluginManage:356 - Loaded plugin filemanager (category:base,tabindex:10)
2022-10-20 00:17:54,019 [INFO] PluginManage:307 - Check plugin ipmanager
2022-10-20 00:17:54,029 [INFO] PluginManage:356 - Loaded plugin ipmanager (category:base,tabindex:5)
2022-10-20 00:17:54,029 [INFO] PluginManage:307 - Check plugin lpbam
2022-10-20 00:17:54,049 [INFO] PluginManage:356 - Loaded plugin lpbam (category:base,tabindex:0)
2022-10-20 00:17:54,050 [INFO] PluginManage:307 - Check plugin pinoutandconfiguration
2022-10-20 00:17:54,066 [INFO] PluginManage:356 - Loaded plugin pinoutandconfiguration (category:base,tabindex:1)
2022-10-20 00:17:54,066 [INFO] PluginManage:307 - Check plugin pinoutconfig
2022-10-20 00:17:54,114 [INFO] PluginManage:356 - Loaded plugin pinoutconfig (category:base,tabindex:0)
2022-10-20 00:17:54,114 [INFO] PluginManage:307 - Check plugin power
2022-10-20 00:17:54,136 [INFO] PluginManage:356 - Loaded plugin power (category:power,tabindex:4)
2022-10-20 00:17:54,137 [INFO] PluginManage:307 - Check plugin projectmanager
2022-10-20 00:17:54,161 [INFO] PluginManage:356 - Loaded plugin projectmanager (category:projectmanager,tabindex:3)
2022-10-20 00:17:54,161 [INFO] PluginManage:307 - Check plugin thirdparty
2022-10-20 00:17:54,419 [WARN] IntegrityCheckThread:82 - waiting for thirdparty lock release [integrity check]
2022-10-20 00:17:54,420 [INFO] PluginManage:356 - Loaded plugin thirdparty (category:base,tabindex:-1)
2022-10-20 00:17:54,420 [INFO] IntegrityCheckThread:84 - entering critical section [integrity check]
2022-10-20 00:17:54,420 [INFO] PluginManage:307 - Check plugin tools
2022-10-20 00:17:54,424 [INFO] ThirdPartyUpdaterWithRetryManager:70 - Updater plugin not ready yet. [1/15]
2022-10-20 00:17:54,443 [INFO] PluginManage:356 - Loaded plugin tools (category:base,tabindex:7)
2022-10-20 00:17:54,443 [INFO] PluginManage:307 - Check plugin tutovideos
2022-10-20 00:17:54,677 [INFO] PluginManage:356 - Loaded plugin tutovideos (category:base,tabindex:-1)
2022-10-20 00:17:54,678 [INFO] PluginManage:307 - Check plugin updater
2022-10-20 00:17:54,698 [INFO] PluginManage:356 - Loaded plugin updater (category:base,tabindex:12)
2022-10-20 00:17:54,699 [INFO] PluginManage:280 - PluginManage : Loaded plugins [15]
2022-10-20 00:17:54,990 [INFO] PinOutPanel:1468 - setPackage(No Configuration,No Configuration)
2022-10-20 00:17:55,068 [INFO] CADModel:98 - CPN selected for project level
2022-10-20 00:17:55,095 [INFO] IPUIPlugin:79 - create IPUIPlugin
2022-10-20 00:17:55,095 [INFO] PluginManager:217 - loadIPPluginJar : add adc
2022-10-20 00:17:55,124 [INFO] IPUIPlugin:79 - create IPUIPlugin
2022-10-20 00:17:55,124 [INFO] PluginManager:217 - loadIPPluginJar : add aes
2022-10-20 00:17:55,158 [INFO] IPUIPlugin:79 - create IPUIPlugin
2022-10-20 00:17:55,158 [INFO] PluginManager:217 - loadIPPluginJar : add can
2022-10-20 00:17:55,176 [INFO] IPUIPlugin:79 - create IPUIPlugin
2022-10-20 00:17:55,176 [INFO] PluginManager:217 - loadIPPluginJar : add comp
2022-10-20 00:17:55,201 [INFO] IPUIPlugin:79 - create IPUIPlugin
2022-10-20 00:17:55,201 [INFO] PluginManager:217 - loadIPPluginJar : add cryp
2022-10-20 00:17:55,224 [INFO] IPUIPlugin:79 - create IPUIPlugin
2022-10-20 00:17:55,224 [INFO] PluginManager:217 - loadIPPluginJar : add dfsdm
2022-10-20 00:17:55,237 [INFO] IPUIPlugin:79 - create IPUIPlugin
2022-10-20 00:17:55,237 [INFO] PluginManager:217 - loadIPPluginJar : add dma
2022-10-20 00:17:55,267 [INFO] IPUIPlugin:79 - create IPUIPlugin
2022-10-20 00:17:55,267 [INFO] PluginManager:217 - loadIPPluginJar : add dma3
2022-10-20 00:17:55,281 [INFO] IPUIPlugin:79 - create IPUIPlugin
2022-10-20 00:17:55,281 [INFO] PluginManager:217 - loadIPPluginJar : add fatfs
2022-10-20 00:17:55,317 [INFO] IPUIPlugin:79 - create IPUIPlugin
2022-10-20 00:17:55,317 [INFO] PluginManager:217 - loadIPPluginJar : add fmc
2022-10-20 00:17:55,330 [INFO] IPUIPlugin:79 - create IPUIPlugin
2022-10-20 00:17:55,331 [INFO] PluginManager:217 - loadIPPluginJar : add freertos
2022-10-20 00:17:55,346 [INFO] IPUIPlugin:79 - create IPUIPlugin
2022-10-20 00:17:55,346 [INFO] PluginManager:217 - loadIPPluginJar : add genericplugin
2022-10-20 00:17:55,405 [INFO] IPUIPlugin:79 - create IPUIPlugin
2022-10-20 00:17:55,406 [INFO] PluginManager:217 - loadIPPluginJar : add gfxmmu
2022-10-20 00:17:55,496 [INFO] IPUIPlugin:79 - create IPUIPlugin
2022-10-20 00:17:55,497 [INFO] PluginManager:217 - loadIPPluginJar : add gic
2022-10-20 00:17:55,510 [INFO] IPUIPlugin:79 - create IPUIPlugin
2022-10-20 00:17:55,510 [INFO] PluginManager:217 - loadIPPluginJar : add gpio
2022-10-20 00:17:55,571 [INFO] IPUIPlugin:79 - create IPUIPlugin
2022-10-20 00:17:55,572 [INFO] PluginManager:217 - loadIPPluginJar : add gtzc
2022-10-20 00:17:55,596 [INFO] IPUIPlugin:79 - create IPUIPlugin
2022-10-20 00:17:55,596 [INFO] PluginManager:217 - loadIPPluginJar : add hash
2022-10-20 00:17:55,630 [INFO] IPUIPlugin:79 - create IPUIPlugin
2022-10-20 00:17:55,631 [INFO] PluginManager:217 - loadIPPluginJar : add i2c
2022-10-20 00:17:55,658 [INFO] IPUIPlugin:79 - create IPUIPlugin
2022-10-20 00:17:55,658 [INFO] PluginManager:217 - loadIPPluginJar : add i2s
2022-10-20 00:17:55,740 [INFO] IPUIPlugin:79 - create IPUIPlugin
2022-10-20 00:17:55,740 [INFO] PluginManager:217 - loadIPPluginJar : add ipddr
2022-10-20 00:17:55,802 [INFO] IPUIPlugin:79 - create IPUIPlugin
2022-10-20 00:17:55,802 [INFO] PluginManager:217 - loadIPPluginJar : add linkedlist
2022-10-20 00:17:55,828 [INFO] IPUIPlugin:79 - create IPUIPlugin
2022-10-20 00:17:55,828 [INFO] PluginManager:217 - loadIPPluginJar : add lorawan
2022-10-20 00:17:55,853 [INFO] IPUIPlugin:79 - create IPUIPlugin
2022-10-20 00:17:55,853 [INFO] PluginManager:217 - loadIPPluginJar : add ltdc
2022-10-20 00:17:55,865 [INFO] IPUIPlugin:79 - create IPUIPlugin
2022-10-20 00:17:55,866 [INFO] PluginManager:217 - loadIPPluginJar : add mdma
2022-10-20 00:17:55,875 [INFO] IPUIPlugin:79 - create IPUIPlugin
2022-10-20 00:17:55,875 [INFO] PluginManager:217 - loadIPPluginJar : add nvic
2022-10-20 00:17:55,900 [INFO] IPUIPlugin:79 - create IPUIPlugin
2022-10-20 00:17:55,900 [INFO] PluginManager:217 - loadIPPluginJar : add opamp
2022-10-20 00:17:55,941 [INFO] IPUIPlugin:79 - create IPUIPlugin
2022-10-20 00:17:55,941 [INFO] PluginManager:217 - loadIPPluginJar : add openamp
2022-10-20 00:17:55,974 [INFO] IPUIPlugin:79 - create IPUIPlugin
2022-10-20 00:17:55,975 [INFO] PluginManager:217 - loadIPPluginJar : add pdm2pcm
2022-10-20 00:17:55,989 [INFO] IPUIPlugin:79 - create IPUIPlugin
2022-10-20 00:17:55,991 [INFO] PluginManager:217 - loadIPPluginJar : add plateformsettings
2022-10-20 00:17:56,008 [INFO] IPUIPlugin:79 - create IPUIPlugin
2022-10-20 00:17:56,009 [INFO] PluginManager:217 - loadIPPluginJar : add quadspi
2022-10-20 00:17:56,020 [INFO] IPUIPlugin:79 - create IPUIPlugin
2022-10-20 00:17:56,021 [INFO] PluginManager:217 - loadIPPluginJar : add resmgrutility
2022-10-20 00:17:56,061 [INFO] IPUIPlugin:79 - create IPUIPlugin
2022-10-20 00:17:56,061 [INFO] PluginManager:217 - loadIPPluginJar : add sai
2022-10-20 00:17:56,091 [INFO] IPUIPlugin:79 - create IPUIPlugin
2022-10-20 00:17:56,091 [INFO] PluginManager:217 - loadIPPluginJar : add spi
2022-10-20 00:17:56,132 [INFO] IPUIPlugin:79 - create IPUIPlugin
2022-10-20 00:17:56,132 [INFO] PluginManager:217 - loadIPPluginJar : add stm32_wpan
2022-10-20 00:17:56,151 [INFO] IPUIPlugin:79 - create IPUIPlugin
2022-10-20 00:17:56,151 [INFO] PluginManager:217 - loadIPPluginJar : add tim
2022-10-20 00:17:56,192 [INFO] IPUIPlugin:79 - create IPUIPlugin
2022-10-20 00:17:56,193 [INFO] PluginManager:217 - loadIPPluginJar : add touchsensing
2022-10-20 00:17:56,209 [INFO] IPUIPlugin:79 - create IPUIPlugin
2022-10-20 00:17:56,209 [INFO] PluginManager:217 - loadIPPluginJar : add tracer_emb
2022-10-20 00:17:56,226 [INFO] IPUIPlugin:79 - create IPUIPlugin
2022-10-20 00:17:56,227 [INFO] PluginManager:217 - loadIPPluginJar : add ts
2022-10-20 00:17:56,245 [INFO] IPUIPlugin:79 - create IPUIPlugin
2022-10-20 00:17:56,245 [INFO] PluginManager:217 - loadIPPluginJar : add tsc
2022-10-20 00:17:56,261 [INFO] IPUIPlugin:79 - create IPUIPlugin
2022-10-20 00:17:56,261 [INFO] PluginManager:217 - loadIPPluginJar : add ucpd
2022-10-20 00:17:56,291 [INFO] IPUIPlugin:79 - create IPUIPlugin
2022-10-20 00:17:56,291 [INFO] PluginManager:217 - loadIPPluginJar : add usart
2022-10-20 00:17:56,321 [INFO] IPUIPlugin:79 - create IPUIPlugin
2022-10-20 00:17:56,322 [INFO] PluginManager:217 - loadIPPluginJar : add usbx
2022-10-20 00:17:56,620 [FATAL] Updater:301 - Updater called before beeing initialized
2022-10-20 00:17:56,766 [FATAL] Updater:301 - Updater called before beeing initialized
2022-10-20 00:17:56,778 [INFO] DbMcusAds:52 - JSON generation date=Thu Sep 30 09:56:37 TRT 2021 (1632984997303)
2022-10-20 00:17:56,778 [FATAL] Updater:301 - Updater called before beeing initialized
2022-10-20 00:17:56,851 [WARN] DetailPanel:344 - Failed to get advertising image, set to default
2022-10-20 00:17:57,002 [FATAL] Updater:301 - Updater called before beeing initialized
2022-10-20 00:17:57,007 [FATAL] Updater:301 - Updater called before beeing initialized
2022-10-20 00:17:57,007 [FATAL] Updater:301 - Updater called before beeing initialized
2022-10-20 00:17:57,008 [WARN] DetailPanel:344 - Failed to get advertising image, set to default
2022-10-20 00:17:57,010 [FATAL] Updater:301 - Updater called before beeing initialized
2022-10-20 00:17:57,099 [ERROR] Updater:1105 - MainUpdater not yet initialized. External WinMGr cannot be set.
2022-10-20 00:17:57,107 [INFO] Updater:1041 - Updater Version found : 6.6.1
2022-10-20 00:17:57,124 [INFO] ApplicationProperties:181 - Using Application install path: C:\ST\STM32CubeIDE_1.10.1\STM32CubeIDE\plugins\com.st.stm32cube.common.mx_6.6.1.202207061420
2022-10-20 00:17:57,438 [INFO] ThirdPartyUpdaterWithRetryManager:70 - Updater plugin not ready yet. [2/15]
2022-10-20 00:17:57,517 [INFO] MainUpdater:2768 - connection check result : 10
2022-10-20 00:17:57,519 [INFO] MainUpdater:280 - Updater Check For Update Now.
2022-10-20 00:17:57,519 [INFO] MicroXplorer:481 - Change Database Version : DB.6.0.60
2022-10-20 00:17:57,729 [INFO] CheckServerUpdateThread:119 - End of CheckServer Thread
2022-10-20 00:17:57,769 [INFO] MainUpdater:2768 - connection check result : 10
2022-10-20 00:17:58,184 [INFO] McuFinderGlobals:57 - Set McuFinderConnectedMode to true
2022-10-20 00:17:58,193 [INFO] MultiScanPanel:195 - Auto-refresh data requested => check proxy status ongoing
2022-10-20 00:17:58,197 [INFO] FinderPluginLoader:92 - Searching for filters in installed packs
2022-10-20 00:17:58,309 [INFO] ApiDb:576 - Connected to CubeFinder SQLite database (C:\Users\blue\.stmcufinder\plugins\mcufinder\mcu\cube-finder-db.db)
2022-10-20 00:17:58,359 [INFO] ApiDb:663 - CubeFinder database Data Model version=2.1
2022-10-20 00:17:58,359 [INFO] ApiDb:664 - CubeFinder database Configuration version=3.0.32
2022-10-20 00:17:58,359 [INFO] ApiDb:665 - CubeFinder database generation date=2022-08-05 (1659688109)
2022-10-20 00:17:58,360 [INFO] ApiDb:666 - CubeFinder database FW Pack versions=[STM32Cube_FW_C0_V1.0.0, STM32Cube_FW_F4_V1.27.1, STM32Cube_FW_F7_V1.17.0, STM32Cube_FW_G0_V1.6.1, STM32Cube_FW_G4_V1.5.0, STM32Cube_FW_H7_V1.10.0, STM32Cube_FW_L5_V1.4.0, STM32Cube_FW_U5_V1.1.1, STM32Cube_FW_WB_V1.14.1, STM32Cube_FW_WL_V1.2.0, X-CUBE-ALGOBUILD_V1.3.0, X-CUBE-ALS_V1.0.1, X-CUBE-AZRTOS-F4_V1.1.0, X-CUBE-AZRTOS-F7_V1.1.0, X-CUBE-AZRTOS-G0_V1.1.0, X-CUBE-AZRTOS-G4_V1.0.0, X-CUBE-AZRTOS-H7_V2.1.0, X-CUBE-AZRTOS-L4_V1.0.0, X-CUBE-AZRTOS-L5_V1.0.0, X-CUBE-AZRTOS-WL_V1.0.0, X-CUBE-BLE1_V6.2.3, X-CUBE-BLE2_V3.3.0, X-CUBE-EEPRMA1_V3.1.1, X-CUBE-GNSS1_V6.0.0, X-CUBE-MEMS1_V9.1.0, X-CUBE-MEMS1_V9.3.0, X-CUBE-NFC4_V2.0.4, X-CUBE-NFC7_V1.0.0, X-CUBE-SFXS2LP1_V4.0.0, X-CUBE-SUBG2_V5.0.0]
2022-10-20 00:18:00,601 [WARN] PackLoader:242 - Cannot read IP mode file for STMicroelectronics.X-CUBE-GNSS1.6.0.0
2022-10-20 00:18:00,645 [WARN] PackLoader:242 - Cannot read IP mode file for STMicroelectronics.X-CUBE-AZRTOS-F4.1.1.0
2022-10-20 00:18:00,672 [WARN] PackLoader:242 - Cannot read IP mode file for STMicroelectronics.X-CUBE-BLEMGR.1.2.0
2022-10-20 00:18:00,718 [WARN] PackLoader:242 - Cannot read IP mode file for STMicroelectronics.X-CUBE-AZRTOS-F7.1.1.0
2022-10-20 00:18:00,736 [WARN] PackLoader:242 - Cannot read IP mode file for STMicroelectronics.X-CUBE-BLE1.6.2.3
2022-10-20 00:18:00,752 [WARN] PackLoader:242 - Cannot read IP mode file for STMicroelectronics.X-CUBE-NFC4.2.0.4
2022-10-20 00:18:00,781 [WARN] PackLoader:242 - Cannot read IP mode file for STMicroelectronics.X-CUBE-TOF1.3.1.0
2022-10-20 00:18:00,822 [WARN] PackLoader:242 - Cannot read IP mode file for wolfSSL.I-CUBE-wolfSSL.5.5.1
2022-10-20 00:18:00,835 [WARN] PackLoader:242 - Cannot read IP mode file for STMicroelectronics.X-CUBE-NFC7.1.0.0
2022-10-20 00:18:00,906 [WARN] PackLoader:242 - Cannot read IP mode file for STMicroelectronics.X-CUBE-MEMS1.9.3.0
2022-10-20 00:18:01,095 [WARN] PackLoader:242 - Cannot read IP mode file for STMicroelectronics.X-CUBE-AI.7.2.0
2022-10-20 00:18:01,096 [INFO] ApiDb:239 - Found 138 in-development CPN: [B-WB1M-WPAN1, NUCLEO-C031C6, STEVAL-STWINBX1, STM320518-EVAL, STM32C0116-DK, STM32C011D6Y3TR, STM32C011D6Y6TR, STM32C011F4P3, STM32C011F4P6, STM32C011F4U3, STM32C011F4U6TR, STM32C011F6P3, STM32C011F6P6, STM32C011F6U3, STM32C011F6U6TR, STM32C011J4M3, STM32C011J4M6, STM32C011J6M3, STM32C011J6M6, STM32C0316-DK, STM32C031C4T3, STM32C031C4T6, STM32C031C4U3, STM32C031C4U6, STM32C031C6T3, STM32C031C6T6, STM32C031C6U3, STM32C031C6U6, STM32C031F4P3, STM32C031F4P6, STM32C031F6P3, STM32C031F6P6, STM32C031G4U3, STM32C031G4U6, STM32C031G6U3, STM32C031G6U6, STM32C031K4T3, STM32C031K4T6, STM32C031K4U3, STM32C031K4U6, STM32C031K6T3, STM32C031K6T6, STM32C031K6U3, STM32C031K6U6, STM32G071K8TXN, STM32G071K8UXN, STM32G081GBU6N, STM32G081KBT6N, STM32G081KBUXN, STM32G0B1CCT6N, STM32G0B1KCT6, STM32G0B1NEY6TR, STM32G0B1RCT6N, STM32G0C1CCT6, STM32G0C1CCT6N, STM32G0C1CCU6N, STM32G0C1CET6N, STM32G0C1CEU6N, STM32G0C1KCT6, STM32G0C1NEY6TR, STM32G0C1RCI6N, STM32G0C1RCT6N, STM32G0C1REI6N, STM32G0C1RET6N, STM32G0C1VCI6, STM32G0C1VEI6, STM32G471CCT6, STM32G471CCU6, STM32G471CET3, STM32G471CET6, STM32G471CEU3, STM32G471CEU6, STM32G471MCT6, STM32G471MET3, STM32G471MET6, STM32G471MEY6TR, STM32G471QCT6, STM32G471QET3, STM32G471RCT6, STM32G471RET3, STM32G471RET6, STM32G471VCH6, STM32G471VCI6, STM32G471VCT6, STM32G471VEH3, STM32G471VEH6, STM32G471VEI3, STM32G471VEI6, STM32G471VET3, STM32G471VET6, STM32G474CCT6, STM32L476VGY6PTR, STM32L4R5QGI6STR, STM32MP131AAE3, STM32MP131AAF3, STM32MP131AAG3, STM32MP131CAE3, STM32MP131CAF3, STM32MP131CAG3, STM32MP131DAE7, STM32MP131DAF7, STM32MP131DAG7, STM32MP131FAE7, STM32MP131FAF7, STM32MP131FAG7, STM32MP133AAE3, STM32MP133AAF3, STM32MP133AAG3, STM32MP133CAE3, STM32MP133CAF3, STM32MP133CAG3, STM32MP133DAE7, STM32MP133DAF7, STM32MP133DAG7, STM32MP133FAE7, STM32MP133FAF7, STM32MP133FAG7, STM32MP135AAE3, STM32MP135AAF3, STM32MP135AAG3, STM32MP135CAE3, STM32MP135CAF3, STM32MP135CAG3, STM32MP135DAE7, STM32MP135DAF7, STM32MP135DAG7, STM32MP135F-DK, STM32MP135FAE7, STM32MP135FAF7, STM32MP135FAG7, STM32U595ZJT6Q, STM32U599BJY6QTR, STM32U599NIH6Q, STM32U599NJH6Q, STM32U5A5ZJT6Q, STM32U5A9BJY6QTR, STM32U5A9NJH6Q, STM32WB1MMCH6]
2022-10-20 00:18:01,102 [INFO] DbMcus:215 - Found 3542 MCUs, 3542 are supported
2022-10-20 00:18:01,110 [INFO] ApiDb:418 - Load user favorites file C:\Users\blue/.stm32cubeide/favorites.mcus.txt: 1 item(s)
2022-10-20 00:18:01,110 [INFO] ApiDb:422 - User favorites MCUs=[STM32F030C8T6]
2022-10-20 00:18:01,111 [INFO] DbMcus:221 - Set 1 / 1 favorites MCUs
2022-10-20 00:18:01,115 [WARN] PackLoader:242 - Cannot read IP mode file for STMicroelectronics.X-CUBE-SFXS2LP1.4.0.0
2022-10-20 00:18:01,134 [WARN] PackLoader:242 - Cannot read IP mode file for STMicroelectronics.X-CUBE-BLE2.3.3.0
2022-10-20 00:18:01,154 [WARN] PackLoader:242 - Cannot read IP mode file for STMicroelectronics.X-CUBE-DISPLAY.2.2.0
2022-10-20 00:18:01,170 [WARN] PackLoader:242 - Cannot read IP mode file for STMicroelectronics.X-CUBE-ISPU.1.0.0
2022-10-20 00:18:01,190 [WARN] PackLoader:242 - Cannot read IP mode file for RoweBots.I-CUBE-UNISONRTOS.5.5.0-4
2022-10-20 00:18:01,231 [WARN] PackLoader:242 - Cannot read IP mode file for STMicroelectronics.X-CUBE-AZRTOS-H7.2.1.0
2022-10-20 00:18:01,252 [WARN] PackLoader:242 - Cannot read IP mode file for STMicroelectronics.X-CUBE-ALGOBUILD.1.3.0
2022-10-20 00:18:01,312 [WARN] PackLoader:242 - Cannot read IP mode file for STMicroelectronics.X-CUBE-AZRTOS-G0.1.1.0
2022-10-20 00:18:01,376 [WARN] PackLoader:242 - Cannot read IP mode file for STMicroelectronics.X-CUBE-SUBG2.5.0.0
2022-10-20 00:18:01,441 [WARN] PackLoader:242 - Cannot read IP mode file for SEGGER.I-CUBE-embOS.1.2.1
2022-10-20 00:18:01,506 [WARN] PackLoader:242 - Cannot read IP mode file for STMicroelectronics.FP-ATR-ASTRA1.1.1.1
2022-10-20 00:18:01,538 [WARN] PackLoader:242 - Cannot read IP mode file for STMicroelectronics.X-CUBE-AZRTOS-G4.1.0.0
2022-10-20 00:18:01,553 [WARN] PackLoader:242 - Cannot read IP mode file for STMicroelectronics.FP-ATR-SIGFOX1.3.2.0
2022-10-20 00:18:01,579 [WARN] PackLoader:242 - Cannot read IP mode file for STMicroelectronics.X-CUBE-AZRTOS-L4.1.0.0
2022-10-20 00:18:01,595 [WARN] PackLoader:242 - Cannot read IP mode file for emotas.I-CUBE-CANOPEN.1.1.2
2022-10-20 00:18:01,609 [WARN] PackLoader:242 - Cannot read IP mode file for STMicroelectronics.X-CUBE-TOUCHGFX.4.20.0
2022-10-20 00:18:01,637 [WARN] PackLoader:242 - Cannot read IP mode file for STMicroelectronics.X-CUBE-AZRTOS-WL.1.0.0
2022-10-20 00:18:01,654 [WARN] PackLoader:242 - Cannot read IP mode file for portGmbH.I-Cube-SoM-uGOAL.1.1.0
2022-10-20 00:18:01,666 [WARN] PackLoader:242 - Cannot read IP mode file for STMicroelectronics.X-CUBE-ALS.1.0.1
2022-10-20 00:18:01,696 [WARN] PackLoader:242 - Cannot read IP mode file for STMicroelectronics.X-CUBE-AZRTOS-L5.1.0.0
2022-10-20 00:18:01,714 [WARN] PackLoader:242 - Cannot read IP mode file for STMicroelectronics.X-CUBE-EEPRMA1.3.1.1
2022-10-20 00:18:01,717 [INFO] ThirdParty:929 - Integrity check success = true
2022-10-20 00:18:01,717 [INFO] IntegrityCheckThread:98 - exiting critical section [integrity check]
2022-10-20 00:18:01,717 [INFO] IntegrityCheckThread:101 - End integrity checks thread
2022-10-20 00:18:02,624 [INFO] LoadUrlFilesThread:177 - End of LoadServerUrlFiles without Thread
2022-10-20 00:18:02,646 [INFO] DetailPanel:339 - Set advertising image to C:/Users/blue/STM32Cube/Repository/\en.Prom_NBSTM32U50921.jpg
2022-10-20 00:18:03,377 [INFO] MultiScanPanel:778 - Auto Refresh Data is not needed
2022-10-20 00:18:03,388 [INFO] ApiDb:663 - CubeFinder database Data Model version=2.1
2022-10-20 00:18:03,388 [INFO] ApiDb:664 - CubeFinder database Configuration version=3.0.32
2022-10-20 00:18:03,389 [INFO] ApiDb:665 - CubeFinder database generation date=2022-08-05 (1659688109)
2022-10-20 00:18:03,389 [INFO] ApiDb:666 - CubeFinder database FW Pack versions=[STM32Cube_FW_C0_V1.0.0, STM32Cube_FW_F4_V1.27.1, STM32Cube_FW_F7_V1.17.0, STM32Cube_FW_G0_V1.6.1, STM32Cube_FW_G4_V1.5.0, STM32Cube_FW_H7_V1.10.0, STM32Cube_FW_L5_V1.4.0, STM32Cube_FW_U5_V1.1.1, STM32Cube_FW_WB_V1.14.1, STM32Cube_FW_WL_V1.2.0, X-CUBE-ALGOBUILD_V1.3.0, X-CUBE-ALS_V1.0.1, X-CUBE-AZRTOS-F4_V1.1.0, X-CUBE-AZRTOS-F7_V1.1.0, X-CUBE-AZRTOS-G0_V1.1.0, X-CUBE-AZRTOS-G4_V1.0.0, X-CUBE-AZRTOS-H7_V2.1.0, X-CUBE-AZRTOS-L4_V1.0.0, X-CUBE-AZRTOS-L5_V1.0.0, X-CUBE-AZRTOS-WL_V1.0.0, X-CUBE-BLE1_V6.2.3, X-CUBE-BLE2_V3.3.0, X-CUBE-EEPRMA1_V3.1.1, X-CUBE-GNSS1_V6.0.0, X-CUBE-MEMS1_V9.1.0, X-CUBE-MEMS1_V9.3.0, X-CUBE-NFC4_V2.0.4, X-CUBE-NFC7_V1.0.0, X-CUBE-SFXS2LP1_V4.0.0, X-CUBE-SUBG2_V5.0.0]
2022-10-20 00:18:03,493 [INFO] DbBoardsSqlite:227 - include board P-NUCLEO-WB55-NUCLEO as a kit item of type 'Nucleo-64'
2022-10-20 00:18:03,493 [INFO] DbBoardsSqlite:227 - include board P-NUCLEO-WB55-USBDONGLE as a kit item of type 'Nucleo USB Dongle'
2022-10-20 00:18:03,494 [INFO] DbBoardsSqlite:227 - include board STEVAL-IDP005V1 as a kit item of type 'Evaluation Board'
2022-10-20 00:18:03,494 [INFO] DbBoardsSqlite:227 - include board STEVAL-IDP005V2 as a kit item of type 'Evaluation Board'
2022-10-20 00:18:03,512 [INFO] ApiDb:239 - Found 138 in-development CPN: [B-WB1M-WPAN1, NUCLEO-C031C6, STEVAL-STWINBX1, STM320518-EVAL, STM32C0116-DK, STM32C011D6Y3TR, STM32C011D6Y6TR, STM32C011F4P3, STM32C011F4P6, STM32C011F4U3, STM32C011F4U6TR, STM32C011F6P3, STM32C011F6P6, STM32C011F6U3, STM32C011F6U6TR, STM32C011J4M3, STM32C011J4M6, STM32C011J6M3, STM32C011J6M6, STM32C0316-DK, STM32C031C4T3, STM32C031C4T6, STM32C031C4U3, STM32C031C4U6, STM32C031C6T3, STM32C031C6T6, STM32C031C6U3, STM32C031C6U6, STM32C031F4P3, STM32C031F4P6, STM32C031F6P3, STM32C031F6P6, STM32C031G4U3, STM32C031G4U6, STM32C031G6U3, STM32C031G6U6, STM32C031K4T3, STM32C031K4T6, STM32C031K4U3, STM32C031K4U6, STM32C031K6T3, STM32C031K6T6, STM32C031K6U3, STM32C031K6U6, STM32G071K8TXN, STM32G071K8UXN, STM32G081GBU6N, STM32G081KBT6N, STM32G081KBUXN, STM32G0B1CCT6N, STM32G0B1KCT6, STM32G0B1NEY6TR, STM32G0B1RCT6N, STM32G0C1CCT6, STM32G0C1CCT6N, STM32G0C1CCU6N, STM32G0C1CET6N, STM32G0C1CEU6N, STM32G0C1KCT6, STM32G0C1NEY6TR, STM32G0C1RCI6N, STM32G0C1RCT6N, STM32G0C1REI6N, STM32G0C1RET6N, STM32G0C1VCI6, STM32G0C1VEI6, STM32G471CCT6, STM32G471CCU6, STM32G471CET3, STM32G471CET6, STM32G471CEU3, STM32G471CEU6, STM32G471MCT6, STM32G471MET3, STM32G471MET6, STM32G471MEY6TR, STM32G471QCT6, STM32G471QET3, STM32G471RCT6, STM32G471RET3, STM32G471RET6, STM32G471VCH6, STM32G471VCI6, STM32G471VCT6, STM32G471VEH3, STM32G471VEH6, STM32G471VEI3, STM32G471VEI6, STM32G471VET3, STM32G471VET6, STM32G474CCT6, STM32L476VGY6PTR, STM32L4R5QGI6STR, STM32MP131AAE3, STM32MP131AAF3, STM32MP131AAG3, STM32MP131CAE3, STM32MP131CAF3, STM32MP131CAG3, STM32MP131DAE7, STM32MP131DAF7, STM32MP131DAG7, STM32MP131FAE7, STM32MP131FAF7, STM32MP131FAG7, STM32MP133AAE3, STM32MP133AAF3, STM32MP133AAG3, STM32MP133CAE3, STM32MP133CAF3, STM32MP133CAG3, STM32MP133DAE7, STM32MP133DAF7, STM32MP133DAG7, STM32MP133FAE7, STM32MP133FAF7, STM32MP133FAG7, STM32MP135AAE3, STM32MP135AAF3, STM32MP135AAG3, STM32MP135CAE3, STM32MP135CAF3, STM32MP135CAG3, STM32MP135DAE7, STM32MP135DAF7, STM32MP135DAG7, STM32MP135F-DK, STM32MP135FAE7, STM32MP135FAF7, STM32MP135FAG7, STM32U595ZJT6Q, STM32U599BJY6QTR, STM32U599NIH6Q, STM32U599NJH6Q, STM32U5A5ZJT6Q, STM32U5A9BJY6QTR, STM32U5A9NJH6Q, STM32WB1MMCH6]
2022-10-20 00:18:03,694 [INFO] BoardInfo:879 - No configuration file found for board P-NUCLEO-WB55
2022-10-20 00:18:03,695 [INFO] DbBoards:156 - Kit is not supported: P-NUCLEO-WB55
2022-10-20 00:18:03,703 [INFO] BoardInfo:879 - No configuration file found for board STEVAL-BFA001V1B
2022-10-20 00:18:03,703 [INFO] DbBoards:156 - Kit is not supported: STEVAL-BFA001V1B
2022-10-20 00:18:03,705 [INFO] BoardInfo:879 - No configuration file found for board STEVAL-BFA001V2B
2022-10-20 00:18:03,705 [INFO] DbBoards:156 - Kit is not supported: STEVAL-BFA001V2B
2022-10-20 00:18:03,913 [INFO] DbBoards:160 - Found 176 boards, 173 are supported
2022-10-20 00:18:03,920 [INFO] ApiDb:409 - User favorites file not found: C:\Users\blue/.stm32cubeide/favorites.boards.txt
2022-10-20 00:18:03,920 [INFO] DbBoards:189 - Set 0 / 0 favorites Boards
2022-10-20 00:18:14,464 [ERROR] LogOutputStream:74 - [STDERR_REDIRECT] SLF4J: Failed to load class "org.slf4j.impl.StaticLoggerBinder".
2022-10-20 00:18:14,466 [ERROR] LogOutputStream:74 - [STDERR_REDIRECT] SLF4J: Defaulting to no-operation (NOP) logger implementation
2022-10-20 00:18:14,468 [ERROR] LogOutputStream:74 - [STDERR_REDIRECT] SLF4J: See http://www.slf4j.org/codes.html#StaticLoggerBinder for further details.
2022-10-20 00:18:38,462 [INFO] MultiScanPanel:195 - Auto-refresh data requested => check proxy status ongoing
2022-10-20 00:18:38,645 [INFO] LoadUrlFilesThread:177 - End of LoadServerUrlFiles without Thread
2022-10-20 00:18:38,646 [INFO] DetailPanel:339 - Set advertising image to C:/Users/blue/STM32Cube/Repository/\en.Prom_NBSTM32U50921.jpg
2022-10-20 00:18:38,659 [INFO] DbBoards:628 - Loading board mini-images...
2022-10-20 00:18:38,898 [ERROR] DbBoards:648 - No image file defined for board B-WB1M-WPAN1
2022-10-20 00:18:38,898 [ERROR] DbBoards:648 - No image file defined for board NUCLEO-C031C6
2022-10-20 00:18:40,581 [ERROR] DbBoards:648 - No image file defined for board STEVAL-STWINBX1
2022-10-20 00:18:40,644 [ERROR] DbBoards:648 - No image file defined for board STM32091C-EVAL
2022-10-20 00:18:40,644 [ERROR] DbBoards:648 - No image file defined for board STM32100E-EVAL
2022-10-20 00:18:40,644 [ERROR] DbBoards:648 - No image file defined for board STM3210C-EVAL
2022-10-20 00:18:40,673 [ERROR] DbBoards:648 - No image file defined for board STM3221G-EVAL
2022-10-20 00:18:40,673 [ERROR] DbBoards:648 - No image file defined for board STM32303C-EVAL
2022-10-20 00:18:40,825 [ERROR] DbBoards:648 - No image file defined for board STM32479I-EVAL
2022-10-20 00:18:40,825 [ERROR] DbBoards:648 - No image file defined for board STM32746G-EVAL2
2022-10-20 00:18:40,837 [ERROR] DbBoards:648 - No image file defined for board STM32C0116-DK
2022-10-20 00:18:40,837 [ERROR] DbBoards:648 - No image file defined for board STM32C0316-DK
2022-10-20 00:18:40,897 [ERROR] DbBoards:648 - No image file defined for board STM32F401C-DISCO
2022-10-20 00:18:40,978 [ERROR] DbBoards:648 - No image file defined for board STM32F7308-DK
2022-10-20 00:18:41,042 [ERROR] DbBoards:648 - No image file defined for board STM32F779I-EVAL
2022-10-20 00:18:41,265 [ERROR] DbBoards:648 - No image file defined for board STM32H747I-EVAL
2022-10-20 00:18:41,342 [ERROR] DbBoards:648 - No image file defined for board STM32L-DISCOVERY
2022-10-20 00:18:41,400 [ERROR] DbBoards:648 - No image file defined for board STM32L152D-EVAL
2022-10-20 00:18:41,585 [ERROR] DbBoards:648 - No image file defined for board STM32MP135F-DK
2022-10-20 00:18:41,913 [INFO] DbBoards:651 - Loaded 157 board mini-images
2022-10-20 00:18:41,976 [INFO] MultiScanPanel:778 - Auto Refresh Data is not needed
2022-10-20 00:19:28,278 [INFO] McuResultTable:1384 - Mark MCU STM32F407VGT6 as favorite
2022-10-20 00:19:47,742 [INFO] McuFinderGlobals:57 - Set McuFinderConnectedMode to true
2022-10-20 00:19:47,745 [INFO] ApiDb:443 - Save user favorites file C:\Users\blue/.stm32cubeide/favorites.mcus.txt: 2 item(s)
2022-10-20 00:19:47,745 [INFO] ApiDb:447 - User favorites MCUs=[STM32F030C8T6, STM32F407VGT6]
2022-10-20 00:19:47,748 [INFO] ApiDb:443 - Save user favorites file C:\Users\blue/.stm32cubeide/favorites.boards.txt: 0 item(s)
2022-10-20 00:19:47,749 [INFO] ApiDb:447 - User favorites Boards=[]
2022-10-20 00:22:49,117 [INFO] MainUpdater:2768 - connection check result : 10
2022-10-20 00:22:49,191 [INFO] McuFinderGlobals:57 - Set McuFinderConnectedMode to true
2022-10-20 00:22:49,191 [INFO] MultiScanPanel:195 - Auto-refresh data requested => check proxy status ongoing
2022-10-20 00:22:49,192 [INFO] FinderPluginLoader:92 - Searching for filters in installed packs
2022-10-20 00:22:50,443 [INFO] LoadUrlFilesThread:177 - End of LoadServerUrlFiles without Thread
2022-10-20 00:22:50,443 [INFO] DetailPanel:339 - Set advertising image to C:/Users/blue/STM32Cube/Repository/\en.Prom_NBSTM32U50921.jpg
2022-10-20 00:22:50,820 [INFO] MultiScanPanel:778 - Auto Refresh Data is not needed
2022-10-20 00:23:13,323 [INFO] McuFinderGlobals:57 - Set McuFinderConnectedMode to true
2022-10-20 00:23:13,325 [INFO] ApiDb:443 - Save user favorites file C:\Users\blue/.stm32cubeide/favorites.mcus.txt: 2 item(s)
2022-10-20 00:23:13,326 [INFO] ApiDb:447 - User favorites MCUs=[STM32F030C8T6, STM32F407VGT6]
2022-10-20 00:25:45,401 [INFO] MainUpdater:2768 - connection check result : 10
2022-10-20 00:25:45,475 [INFO] McuFinderGlobals:57 - Set McuFinderConnectedMode to true
2022-10-20 00:25:45,476 [INFO] MultiScanPanel:195 - Auto-refresh data requested => check proxy status ongoing
2022-10-20 00:25:45,476 [INFO] FinderPluginLoader:92 - Searching for filters in installed packs
2022-10-20 00:25:46,022 [INFO] LoadUrlFilesThread:177 - End of LoadServerUrlFiles without Thread
2022-10-20 00:25:46,023 [INFO] DetailPanel:339 - Set advertising image to C:/Users/blue/STM32Cube/Repository/\en.Prom_NBSTM32U50921.jpg
2022-10-20 00:25:46,342 [INFO] MultiScanPanel:778 - Auto Refresh Data is not needed
2022-10-20 00:26:25,675 [INFO] McuFinderGlobals:57 - Set McuFinderConnectedMode to true
2022-10-20 00:26:25,677 [INFO] ApiDb:443 - Save user favorites file C:\Users\blue/.stm32cubeide/favorites.mcus.txt: 2 item(s)
2022-10-20 00:26:25,677 [INFO] ApiDb:447 - User favorites MCUs=[STM32F030C8T6, STM32F407VGT6]
2022-10-20 00:35:12,339 [INFO] MainUpdater:2768 - connection check result : 10
2022-10-20 00:35:12,414 [INFO] McuFinderGlobals:57 - Set McuFinderConnectedMode to true
2022-10-20 00:35:12,415 [INFO] MultiScanPanel:195 - Auto-refresh data requested => check proxy status ongoing
2022-10-20 00:35:12,415 [INFO] FinderPluginLoader:92 - Searching for filters in installed packs
2022-10-20 00:35:12,997 [INFO] LoadUrlFilesThread:177 - End of LoadServerUrlFiles without Thread
2022-10-20 00:35:12,997 [INFO] DetailPanel:339 - Set advertising image to C:/Users/blue/STM32Cube/Repository/\en.Prom_NBSTM32U50921.jpg
2022-10-20 00:35:13,313 [INFO] MultiScanPanel:778 - Auto Refresh Data is not needed
2022-10-20 00:35:43,844 [INFO] McuFinderGlobals:57 - Set McuFinderConnectedMode to true
2022-10-20 00:35:43,846 [INFO] ApiDb:443 - Save user favorites file C:\Users\blue/.stm32cubeide/favorites.mcus.txt: 2 item(s)
2022-10-20 00:35:43,846 [INFO] ApiDb:447 - User favorites MCUs=[STM32F030C8T6, STM32F407VGT6]
2022-10-20 00:40:22,388 [INFO] MainUpdater:2768 - connection check result : 10
2022-10-20 00:40:22,455 [INFO] McuFinderGlobals:57 - Set McuFinderConnectedMode to true
2022-10-20 00:40:22,456 [INFO] MultiScanPanel:195 - Auto-refresh data requested => check proxy status ongoing
2022-10-20 00:40:22,456 [INFO] FinderPluginLoader:92 - Searching for filters in installed packs
2022-10-20 00:40:22,960 [INFO] LoadUrlFilesThread:177 - End of LoadServerUrlFiles without Thread
2022-10-20 00:40:22,961 [INFO] DetailPanel:339 - Set advertising image to C:/Users/blue/STM32Cube/Repository/\en.Prom_NBSTM32U50921.jpg
2022-10-20 00:40:23,213 [INFO] MultiScanPanel:778 - Auto Refresh Data is not needed
2022-10-20 00:40:38,376 [INFO] McuFinderGlobals:57 - Set McuFinderConnectedMode to true
2022-10-20 00:40:38,378 [INFO] ApiDb:443 - Save user favorites file C:\Users\blue/.stm32cubeide/favorites.mcus.txt: 2 item(s)
2022-10-20 00:40:38,379 [INFO] ApiDb:447 - User favorites MCUs=[STM32F030C8T6, STM32F407VGT6]
2022-10-20 00:42:41,022 [INFO] MainUpdater:2768 - connection check result : 10
2022-10-20 00:42:41,022 [INFO] McuFinderGlobals:57 - Set McuFinderConnectedMode to true
2022-10-20 00:42:41,293 [INFO] ServerAccessManage:474 - Download File mcusAds.json._tmp_
2022-10-20 00:42:41,421 [INFO] LoadUrlFilesThread:150 - End of LoadUrlFiles Thread
2022-10-20 00:42:41,675 [INFO] ServerAccessManage:474 - Download File cube-finder-db.zip
2022-10-20 00:42:44,849 [ERROR] ServerAccessManage:652 - User Cancel Download : cube-finder-db.zip.
2022-10-20 00:42:44,966 [INFO] LoadUrlFilesThread:150 - End of LoadUrlFiles Thread
2022-10-20 00:42:46,166 [INFO] DbMcusAds:52 - JSON generation date=Thu Sep 30 09:55:09 TRT 2021 (1632984909377)
2022-10-20 00:42:46,170 [INFO] ApiDb:443 - Save user favorites file C:\Users\blue/.stm32cubeide/favorites.mcus.txt: 2 item(s)
2022-10-20 00:42:46,171 [INFO] ApiDb:447 - User favorites MCUs=[STM32F030C8T6, STM32F407VGT6]
2022-10-20 00:42:46,174 [INFO] ApiDb:576 - Connected to CubeFinder SQLite database (C:\Users\blue\.stmcufinder\plugins\mcufinder\mcu\cube-finder-db.db)
2022-10-20 00:42:46,197 [INFO] ApiDb:663 - CubeFinder database Data Model version=2.1
2022-10-20 00:42:46,197 [INFO] ApiDb:664 - CubeFinder database Configuration version=3.0.32
2022-10-20 00:42:46,198 [INFO] ApiDb:665 - CubeFinder database generation date=2022-08-05 (1659688109)
2022-10-20 00:42:46,198 [INFO] ApiDb:666 - CubeFinder database FW Pack versions=[STM32Cube_FW_C0_V1.0.0, STM32Cube_FW_F4_V1.27.1, STM32Cube_FW_F7_V1.17.0, STM32Cube_FW_G0_V1.6.1, STM32Cube_FW_G4_V1.5.0, STM32Cube_FW_H7_V1.10.0, STM32Cube_FW_L5_V1.4.0, STM32Cube_FW_U5_V1.1.1, STM32Cube_FW_WB_V1.14.1, STM32Cube_FW_WL_V1.2.0, X-CUBE-ALGOBUILD_V1.3.0, X-CUBE-ALS_V1.0.1, X-CUBE-AZRTOS-F4_V1.1.0, X-CUBE-AZRTOS-F7_V1.1.0, X-CUBE-AZRTOS-G0_V1.1.0, X-CUBE-AZRTOS-G4_V1.0.0, X-CUBE-AZRTOS-H7_V2.1.0, X-CUBE-AZRTOS-L4_V1.0.0, X-CUBE-AZRTOS-L5_V1.0.0, X-CUBE-AZRTOS-WL_V1.0.0, X-CUBE-BLE1_V6.2.3, X-CUBE-BLE2_V3.3.0, X-CUBE-EEPRMA1_V3.1.1, X-CUBE-GNSS1_V6.0.0, X-CUBE-MEMS1_V9.1.0, X-CUBE-MEMS1_V9.3.0, X-CUBE-NFC4_V2.0.4, X-CUBE-NFC7_V1.0.0, X-CUBE-SFXS2LP1_V4.0.0, X-CUBE-SUBG2_V5.0.0]
2022-10-20 00:42:47,987 [INFO] MainUpdater:2768 - connection check result : 10
2022-10-20 00:42:48,021 [INFO] ApiDb:239 - Found 138 in-development CPN: [B-WB1M-WPAN1, NUCLEO-C031C6, STEVAL-STWINBX1, STM320518-EVAL, STM32C0116-DK, STM32C011D6Y3TR, STM32C011D6Y6TR, STM32C011F4P3, STM32C011F4P6, STM32C011F4U3, STM32C011F4U6TR, STM32C011F6P3, STM32C011F6P6, STM32C011F6U3, STM32C011F6U6TR, STM32C011J4M3, STM32C011J4M6, STM32C011J6M3, STM32C011J6M6, STM32C0316-DK, STM32C031C4T3, STM32C031C4T6, STM32C031C4U3, STM32C031C4U6, STM32C031C6T3, STM32C031C6T6, STM32C031C6U3, STM32C031C6U6, STM32C031F4P3, STM32C031F4P6, STM32C031F6P3, STM32C031F6P6, STM32C031G4U3, STM32C031G4U6, STM32C031G6U3, STM32C031G6U6, STM32C031K4T3, STM32C031K4T6, STM32C031K4U3, STM32C031K4U6, STM32C031K6T3, STM32C031K6T6, STM32C031K6U3, STM32C031K6U6, STM32G071K8TXN, STM32G071K8UXN, STM32G081GBU6N, STM32G081KBT6N, STM32G081KBUXN, STM32G0B1CCT6N, STM32G0B1KCT6, STM32G0B1NEY6TR, STM32G0B1RCT6N, STM32G0C1CCT6, STM32G0C1CCT6N, STM32G0C1CCU6N, STM32G0C1CET6N, STM32G0C1CEU6N, STM32G0C1KCT6, STM32G0C1NEY6TR, STM32G0C1RCI6N, STM32G0C1RCT6N, STM32G0C1REI6N, STM32G0C1RET6N, STM32G0C1VCI6, STM32G0C1VEI6, STM32G471CCT6, STM32G471CCU6, STM32G471CET3, STM32G471CET6, STM32G471CEU3, STM32G471CEU6, STM32G471MCT6, STM32G471MET3, STM32G471MET6, STM32G471MEY6TR, STM32G471QCT6, STM32G471QET3, STM32G471RCT6, STM32G471RET3, STM32G471RET6, STM32G471VCH6, STM32G471VCI6, STM32G471VCT6, STM32G471VEH3, STM32G471VEH6, STM32G471VEI3, STM32G471VEI6, STM32G471VET3, STM32G471VET6, STM32G474CCT6, STM32L476VGY6PTR, STM32L4R5QGI6STR, STM32MP131AAE3, STM32MP131AAF3, STM32MP131AAG3, STM32MP131CAE3, STM32MP131CAF3, STM32MP131CAG3, STM32MP131DAE7, STM32MP131DAF7, STM32MP131DAG7, STM32MP131FAE7, STM32MP131FAF7, STM32MP131FAG7, STM32MP133AAE3, STM32MP133AAF3, STM32MP133AAG3, STM32MP133CAE3, STM32MP133CAF3, STM32MP133CAG3, STM32MP133DAE7, STM32MP133DAF7, STM32MP133DAG7, STM32MP133FAE7, STM32MP133FAF7, STM32MP133FAG7, STM32MP135AAE3, STM32MP135AAF3, STM32MP135AAG3, STM32MP135CAE3, STM32MP135CAF3, STM32MP135CAG3, STM32MP135DAE7, STM32MP135DAF7, STM32MP135DAG7, STM32MP135F-DK, STM32MP135FAE7, STM32MP135FAF7, STM32MP135FAG7, STM32U595ZJT6Q, STM32U599BJY6QTR, STM32U599NIH6Q, STM32U599NJH6Q, STM32U5A5ZJT6Q, STM32U5A9BJY6QTR, STM32U5A9NJH6Q, STM32WB1MMCH6]
2022-10-20 00:42:48,024 [INFO] DbMcus:215 - Found 3542 MCUs, 3542 are supported
2022-10-20 00:42:48,024 [INFO] ApiDb:418 - Load user favorites file C:\Users\blue/.stm32cubeide/favorites.mcus.txt: 2 item(s)
2022-10-20 00:42:48,024 [INFO] ApiDb:422 - User favorites MCUs=[STM32F030C8T6, STM32F407VGT6]
2022-10-20 00:42:48,024 [INFO] DbMcus:221 - Set 2 / 2 favorites MCUs
2022-10-20 00:42:48,025 [INFO] ApiDb:443 - Save user favorites file C:\Users\blue/.stm32cubeide/favorites.boards.txt: 0 item(s)
2022-10-20 00:42:48,025 [INFO] ApiDb:447 - User favorites Boards=[]
2022-10-20 00:42:48,027 [INFO] ApiDb:576 - Connected to CubeFinder SQLite database (C:\Users\blue\.stmcufinder\plugins\mcufinder\mcu\cube-finder-db.db)
2022-10-20 00:42:48,051 [INFO] ApiDb:663 - CubeFinder database Data Model version=2.1
2022-10-20 00:42:48,051 [INFO] ApiDb:664 - CubeFinder database Configuration version=3.0.32
2022-10-20 00:42:48,051 [INFO] ApiDb:665 - CubeFinder database generation date=2022-08-05 (1659688109)
2022-10-20 00:42:48,051 [INFO] ApiDb:666 - CubeFinder database FW Pack versions=[STM32Cube_FW_C0_V1.0.0, STM32Cube_FW_F4_V1.27.1, STM32Cube_FW_F7_V1.17.0, STM32Cube_FW_G0_V1.6.1, STM32Cube_FW_G4_V1.5.0, STM32Cube_FW_H7_V1.10.0, STM32Cube_FW_L5_V1.4.0, STM32Cube_FW_U5_V1.1.1, STM32Cube_FW_WB_V1.14.1, STM32Cube_FW_WL_V1.2.0, X-CUBE-ALGOBUILD_V1.3.0, X-CUBE-ALS_V1.0.1, X-CUBE-AZRTOS-F4_V1.1.0, X-CUBE-AZRTOS-F7_V1.1.0, X-CUBE-AZRTOS-G0_V1.1.0, X-CUBE-AZRTOS-G4_V1.0.0, X-CUBE-AZRTOS-H7_V2.1.0, X-CUBE-AZRTOS-L4_V1.0.0, X-CUBE-AZRTOS-L5_V1.0.0, X-CUBE-AZRTOS-WL_V1.0.0, X-CUBE-BLE1_V6.2.3, X-CUBE-BLE2_V3.3.0, X-CUBE-EEPRMA1_V3.1.1, X-CUBE-GNSS1_V6.0.0, X-CUBE-MEMS1_V9.1.0, X-CUBE-MEMS1_V9.3.0, X-CUBE-NFC4_V2.0.4, X-CUBE-NFC7_V1.0.0, X-CUBE-SFXS2LP1_V4.0.0, X-CUBE-SUBG2_V5.0.0]
2022-10-20 00:42:48,107 [INFO] DbBoardsSqlite:227 - include board P-NUCLEO-WB55-NUCLEO as a kit item of type 'Nucleo-64'
2022-10-20 00:42:48,107 [INFO] DbBoardsSqlite:227 - include board P-NUCLEO-WB55-USBDONGLE as a kit item of type 'Nucleo USB Dongle'
2022-10-20 00:42:48,107 [INFO] DbBoardsSqlite:227 - include board STEVAL-IDP005V1 as a kit item of type 'Evaluation Board'
2022-10-20 00:42:48,107 [INFO] DbBoardsSqlite:227 - include board STEVAL-IDP005V2 as a kit item of type 'Evaluation Board'
2022-10-20 00:42:48,116 [INFO] ApiDb:239 - Found 138 in-development CPN: [B-WB1M-WPAN1, NUCLEO-C031C6, STEVAL-STWINBX1, STM320518-EVAL, STM32C0116-DK, STM32C011D6Y3TR, STM32C011D6Y6TR, STM32C011F4P3, STM32C011F4P6, STM32C011F4U3, STM32C011F4U6TR, STM32C011F6P3, STM32C011F6P6, STM32C011F6U3, STM32C011F6U6TR, STM32C011J4M3, STM32C011J4M6, STM32C011J6M3, STM32C011J6M6, STM32C0316-DK, STM32C031C4T3, STM32C031C4T6, STM32C031C4U3, STM32C031C4U6, STM32C031C6T3, STM32C031C6T6, STM32C031C6U3, STM32C031C6U6, STM32C031F4P3, STM32C031F4P6, STM32C031F6P3, STM32C031F6P6, STM32C031G4U3, STM32C031G4U6, STM32C031G6U3, STM32C031G6U6, STM32C031K4T3, STM32C031K4T6, STM32C031K4U3, STM32C031K4U6, STM32C031K6T3, STM32C031K6T6, STM32C031K6U3, STM32C031K6U6, STM32G071K8TXN, STM32G071K8UXN, STM32G081GBU6N, STM32G081KBT6N, STM32G081KBUXN, STM32G0B1CCT6N, STM32G0B1KCT6, STM32G0B1NEY6TR, STM32G0B1RCT6N, STM32G0C1CCT6, STM32G0C1CCT6N, STM32G0C1CCU6N, STM32G0C1CET6N, STM32G0C1CEU6N, STM32G0C1KCT6, STM32G0C1NEY6TR, STM32G0C1RCI6N, STM32G0C1RCT6N, STM32G0C1REI6N, STM32G0C1RET6N, STM32G0C1VCI6, STM32G0C1VEI6, STM32G471CCT6, STM32G471CCU6, STM32G471CET3, STM32G471CET6, STM32G471CEU3, STM32G471CEU6, STM32G471MCT6, STM32G471MET3, STM32G471MET6, STM32G471MEY6TR, STM32G471QCT6, STM32G471QET3, STM32G471RCT6, STM32G471RET3, STM32G471RET6, STM32G471VCH6, STM32G471VCI6, STM32G471VCT6, STM32G471VEH3, STM32G471VEH6, STM32G471VEI3, STM32G471VEI6, STM32G471VET3, STM32G471VET6, STM32G474CCT6, STM32L476VGY6PTR, STM32L4R5QGI6STR, STM32MP131AAE3, STM32MP131AAF3, STM32MP131AAG3, STM32MP131CAE3, STM32MP131CAF3, STM32MP131CAG3, STM32MP131DAE7, STM32MP131DAF7, STM32MP131DAG7, STM32MP131FAE7, STM32MP131FAF7, STM32MP131FAG7, STM32MP133AAE3, STM32MP133AAF3, STM32MP133AAG3, STM32MP133CAE3, STM32MP133CAF3, STM32MP133CAG3, STM32MP133DAE7, STM32MP133DAF7, STM32MP133DAG7, STM32MP133FAE7, STM32MP133FAF7, STM32MP133FAG7, STM32MP135AAE3, STM32MP135AAF3, STM32MP135AAG3, STM32MP135CAE3, STM32MP135CAF3, STM32MP135CAG3, STM32MP135DAE7, STM32MP135DAF7, STM32MP135DAG7, STM32MP135F-DK, STM32MP135FAE7, STM32MP135FAF7, STM32MP135FAG7, STM32U595ZJT6Q, STM32U599BJY6QTR, STM32U599NIH6Q, STM32U599NJH6Q, STM32U5A5ZJT6Q, STM32U5A9BJY6QTR, STM32U5A9NJH6Q, STM32WB1MMCH6]
2022-10-20 00:42:48,222 [INFO] BoardInfo:879 - No configuration file found for board P-NUCLEO-WB55
2022-10-20 00:42:48,222 [INFO] DbBoards:156 - Kit is not supported: P-NUCLEO-WB55
2022-10-20 00:42:48,227 [INFO] BoardInfo:879 - No configuration file found for board STEVAL-BFA001V1B
2022-10-20 00:42:48,227 [INFO] DbBoards:156 - Kit is not supported: STEVAL-BFA001V1B
2022-10-20 00:42:48,228 [INFO] BoardInfo:879 - No configuration file found for board STEVAL-BFA001V2B
2022-10-20 00:42:48,228 [INFO] DbBoards:156 - Kit is not supported: STEVAL-BFA001V2B
2022-10-20 00:42:48,347 [INFO] DbBoards:160 - Found 176 boards, 173 are supported
2022-10-20 00:42:48,350 [INFO] ApiDb:418 - Load user favorites file C:\Users\blue/.stm32cubeide/favorites.boards.txt: 0 item(s)
2022-10-20 00:42:48,350 [INFO] ApiDb:422 - User favorites Boards=[]
2022-10-20 00:42:48,350 [INFO] DbBoards:189 - Set 0 / 0 favorites Boards
2022-10-20 00:42:48,367 [ERROR] TargetSelectorAdapter:236 - Unable to refresh data
2022-10-20 00:42:48,369 [INFO] McuFinderGlobals:57 - Set McuFinderConnectedMode to true
2022-10-20 00:42:52,351 [INFO] McuFinderGlobals:57 - Set McuFinderConnectedMode to true
2022-10-20 00:42:52,352 [INFO] MultiScanPanel:195 - Auto-refresh data requested => check proxy status ongoing
2022-10-20 00:42:52,353 [INFO] FinderPluginLoader:92 - Searching for filters in installed packs
2022-10-20 00:42:52,390 [INFO] ServerAccessManage:474 - Download File mcusAds.json._tmp_
2022-10-20 00:42:52,525 [INFO] LoadUrlFilesThread:150 - End of LoadUrlFiles Thread
2022-10-20 00:42:52,927 [INFO] LoadUrlFilesThread:177 - End of LoadServerUrlFiles without Thread
2022-10-20 00:42:52,927 [INFO] DetailPanel:339 - Set advertising image to C:/Users/blue/STM32Cube/Repository/\en.Prom_NBSTM32U50921.jpg
2022-10-20 00:42:53,265 [INFO] MultiScanPanel:778 - Auto Refresh Data is needed due to updater interval setting
2022-10-20 00:42:53,330 [INFO] ServerAccessManage:474 - Download File mcusAds.json._tmp_
2022-10-20 00:42:53,455 [INFO] LoadUrlFilesThread:150 - End of LoadUrlFiles Thread
2022-10-20 00:42:54,295 [INFO] ServerAccessManage:474 - Download File cube-finder-db.zip
2022-10-20 00:43:20,341 [INFO] FileExtend:239 - Unzip File : cube-finder-db.zip
2022-10-20 00:43:20,341 [INFO] FileExtend:254 - Standard Zip Deflate
2022-10-20 00:43:20,975 [INFO] LoadUrlFilesThread:150 - End of LoadUrlFiles Thread
2022-10-20 00:43:24,839 [INFO] ServerAccessManage:474 - Download File crdb.zip
2022-10-20 00:43:26,288 [INFO] FileExtend:239 - Unzip File : crdb.zip
2022-10-20 00:43:26,288 [INFO] FileExtend:254 - Standard Zip Deflate
2022-10-20 00:43:26,417 [INFO] LoadUrlFilesThread:150 - End of LoadUrlFiles Thread
2022-10-20 00:43:26,508 [INFO] ServerAccessManage:474 - Download File tutoVideoDB.zip
2022-10-20 00:43:26,600 [INFO] FileExtend:239 - Unzip File : tutoVideoDB.zip
2022-10-20 00:43:26,600 [INFO] FileExtend:254 - Standard Zip Deflate
2022-10-20 00:43:26,730 [INFO] LoadUrlFilesThread:150 - End of LoadUrlFiles Thread
2022-10-20 00:43:26,742 [INFO] JxBrowserEngine:106 - Initiate JxBrowser Engine with user profile folder
2022-10-20 00:43:26,982 [ERROR] JxBrowserEngine:59 - Can't initiate JxBrowser engine com.teamdev.jxbrowser.engine.ChromiumBinariesExtractionException: Failed to extract Chromium binaries into C:\Users\blue\.stm32cubemx\.jxbrowser\Chromium
2022-10-20 00:43:26,982 [WARN] DbFile:40 - Overriding database path with different value: C:\Users\blue\.stmcufinder\plugins\mcufinder/ => C:\Users\blue\.stmcufinder\plugins\mcufinder
2022-10-20 00:43:26,999 [INFO] ServerAccessManage:474 - Download File api_config.json
2022-10-20 00:43:27,120 [INFO] LoadUrlFilesThread:150 - End of LoadUrlFiles Thread
2022-10-20 00:43:27,121 [INFO] DbMcusAds:52 - JSON generation date=Thu Sep 30 09:55:09 TRT 2021 (1632984909377)
2022-10-20 00:43:27,122 [INFO] ApiDb:443 - Save user favorites file C:\Users\blue/.stm32cubeide/favorites.mcus.txt: 2 item(s)
2022-10-20 00:43:27,123 [INFO] ApiDb:447 - User favorites MCUs=[STM32F030C8T6, STM32F407VGT6]
2022-10-20 00:43:27,124 [INFO] ApiDb:576 - Connected to CubeFinder SQLite database (C:\Users\blue\.stmcufinder\plugins\mcufinder\mcu\cube-finder-db.db)
2022-10-20 00:43:27,149 [INFO] ApiDb:663 - CubeFinder database Data Model version=2.1
2022-10-20 00:43:27,149 [INFO] ApiDb:664 - CubeFinder database Configuration version=3.0.32
2022-10-20 00:43:27,149 [INFO] ApiDb:665 - CubeFinder database generation date=2022-08-05 (1659688109)
2022-10-20 00:43:27,149 [INFO] ApiDb:666 - CubeFinder database FW Pack versions=[STM32Cube_FW_C0_V1.0.0, STM32Cube_FW_F4_V1.27.1, STM32Cube_FW_F7_V1.17.0, STM32Cube_FW_G0_V1.6.1, STM32Cube_FW_G4_V1.5.0, STM32Cube_FW_H7_V1.10.0, STM32Cube_FW_L5_V1.4.0, STM32Cube_FW_U5_V1.1.1, STM32Cube_FW_WB_V1.14.1, STM32Cube_FW_WL_V1.2.0, X-CUBE-ALGOBUILD_V1.3.0, X-CUBE-ALS_V1.0.1, X-CUBE-AZRTOS-F4_V1.1.0, X-CUBE-AZRTOS-F7_V1.1.0, X-CUBE-AZRTOS-G0_V1.1.0, X-CUBE-AZRTOS-G4_V1.0.0, X-CUBE-AZRTOS-H7_V2.1.0, X-CUBE-AZRTOS-L4_V1.0.0, X-CUBE-AZRTOS-L5_V1.0.0, X-CUBE-AZRTOS-WL_V1.0.0, X-CUBE-BLE1_V6.2.3, X-CUBE-BLE2_V3.3.0, X-CUBE-EEPRMA1_V3.1.1, X-CUBE-GNSS1_V6.0.0, X-CUBE-MEMS1_V9.1.0, X-CUBE-MEMS1_V9.3.0, X-CUBE-NFC4_V2.0.4, X-CUBE-NFC7_V1.0.0, X-CUBE-SFXS2LP1_V4.0.0, X-CUBE-SUBG2_V5.0.0]
2022-10-20 00:43:29,211 [INFO] ApiDb:239 - Found 138 in-development CPN: [B-WB1M-WPAN1, NUCLEO-C031C6, STEVAL-STWINBX1, STM320518-EVAL, STM32C0116-DK, STM32C011D6Y3TR, STM32C011D6Y6TR, STM32C011F4P3, STM32C011F4P6, STM32C011F4U3, STM32C011F4U6TR, STM32C011F6P3, STM32C011F6P6, STM32C011F6U3, STM32C011F6U6TR, STM32C011J4M3, STM32C011J4M6, STM32C011J6M3, STM32C011J6M6, STM32C0316-DK, STM32C031C4T3, STM32C031C4T6, STM32C031C4U3, STM32C031C4U6, STM32C031C6T3, STM32C031C6T6, STM32C031C6U3, STM32C031C6U6, STM32C031F4P3, STM32C031F4P6, STM32C031F6P3, STM32C031F6P6, STM32C031G4U3, STM32C031G4U6, STM32C031G6U3, STM32C031G6U6, STM32C031K4T3, STM32C031K4T6, STM32C031K4U3, STM32C031K4U6, STM32C031K6T3, STM32C031K6T6, STM32C031K6U3, STM32C031K6U6, STM32G071K8TXN, STM32G071K8UXN, STM32G081GBU6N, STM32G081KBT6N, STM32G081KBUXN, STM32G0B1CCT6N, STM32G0B1KCT6, STM32G0B1NEY6TR, STM32G0B1RCT6N, STM32G0C1CCT6, STM32G0C1CCT6N, STM32G0C1CCU6N, STM32G0C1CET6N, STM32G0C1CEU6N, STM32G0C1KCT6, STM32G0C1NEY6TR, STM32G0C1RCI6N, STM32G0C1RCT6N, STM32G0C1REI6N, STM32G0C1RET6N, STM32G0C1VCI6, STM32G0C1VEI6, STM32G471CCT6, STM32G471CCU6, STM32G471CET3, STM32G471CET6, STM32G471CEU3, STM32G471CEU6, STM32G471MCT6, STM32G471MET3, STM32G471MET6, STM32G471MEY6TR, STM32G471QCT6, STM32G471QET3, STM32G471RCT6, STM32G471RET3, STM32G471RET6, STM32G471VCH6, STM32G471VCI6, STM32G471VCT6, STM32G471VEH3, STM32G471VEH6, STM32G471VEI3, STM32G471VEI6, STM32G471VET3, STM32G471VET6, STM32G474CCT6, STM32L476VGY6PTR, STM32L4R5QGI6STR, STM32MP131AAE3, STM32MP131AAF3, STM32MP131AAG3, STM32MP131CAE3, STM32MP131CAF3, STM32MP131CAG3, STM32MP131DAE7, STM32MP131DAF7, STM32MP131DAG7, STM32MP131FAE7, STM32MP131FAF7, STM32MP131FAG7, STM32MP133AAE3, STM32MP133AAF3, STM32MP133AAG3, STM32MP133CAE3, STM32MP133CAF3, STM32MP133CAG3, STM32MP133DAE7, STM32MP133DAF7, STM32MP133DAG7, STM32MP133FAE7, STM32MP133FAF7, STM32MP133FAG7, STM32MP135AAE3, STM32MP135AAF3, STM32MP135AAG3, STM32MP135CAE3, STM32MP135CAF3, STM32MP135CAG3, STM32MP135DAE7, STM32MP135DAF7, STM32MP135DAG7, STM32MP135F-DK, STM32MP135FAE7, STM32MP135FAF7, STM32MP135FAG7, STM32U595ZJT6Q, STM32U599BJY6QTR, STM32U599NIH6Q, STM32U599NJH6Q, STM32U5A5ZJT6Q, STM32U5A9BJY6QTR, STM32U5A9NJH6Q, STM32WB1MMCH6]
2022-10-20 00:43:29,215 [INFO] DbMcus:215 - Found 3542 MCUs, 3542 are supported
2022-10-20 00:43:29,215 [INFO] ApiDb:418 - Load user favorites file C:\Users\blue/.stm32cubeide/favorites.mcus.txt: 2 item(s)
2022-10-20 00:43:29,215 [INFO] ApiDb:422 - User favorites MCUs=[STM32F030C8T6, STM32F407VGT6]
2022-10-20 00:43:29,215 [INFO] DbMcus:221 - Set 2 / 2 favorites MCUs
2022-10-20 00:43:29,551 [INFO] ApiDb:443 - Save user favorites file C:\Users\blue/.stm32cubeide/favorites.boards.txt: 0 item(s)
2022-10-20 00:43:29,552 [INFO] ApiDb:447 - User favorites Boards=[]
2022-10-20 00:43:29,554 [INFO] ApiDb:576 - Connected to CubeFinder SQLite database (C:\Users\blue\.stmcufinder\plugins\mcufinder\mcu\cube-finder-db.db)
2022-10-20 00:43:29,581 [INFO] ApiDb:663 - CubeFinder database Data Model version=2.1
2022-10-20 00:43:29,581 [INFO] ApiDb:664 - CubeFinder database Configuration version=3.0.32
2022-10-20 00:43:29,581 [INFO] ApiDb:665 - CubeFinder database generation date=2022-08-05 (1659688109)
2022-10-20 00:43:29,581 [INFO] ApiDb:666 - CubeFinder database FW Pack versions=[STM32Cube_FW_C0_V1.0.0, STM32Cube_FW_F4_V1.27.1, STM32Cube_FW_F7_V1.17.0, STM32Cube_FW_G0_V1.6.1, STM32Cube_FW_G4_V1.5.0, STM32Cube_FW_H7_V1.10.0, STM32Cube_FW_L5_V1.4.0, STM32Cube_FW_U5_V1.1.1, STM32Cube_FW_WB_V1.14.1, STM32Cube_FW_WL_V1.2.0, X-CUBE-ALGOBUILD_V1.3.0, X-CUBE-ALS_V1.0.1, X-CUBE-AZRTOS-F4_V1.1.0, X-CUBE-AZRTOS-F7_V1.1.0, X-CUBE-AZRTOS-G0_V1.1.0, X-CUBE-AZRTOS-G4_V1.0.0, X-CUBE-AZRTOS-H7_V2.1.0, X-CUBE-AZRTOS-L4_V1.0.0, X-CUBE-AZRTOS-L5_V1.0.0, X-CUBE-AZRTOS-WL_V1.0.0, X-CUBE-BLE1_V6.2.3, X-CUBE-BLE2_V3.3.0, X-CUBE-EEPRMA1_V3.1.1, X-CUBE-GNSS1_V6.0.0, X-CUBE-MEMS1_V9.1.0, X-CUBE-MEMS1_V9.3.0, X-CUBE-NFC4_V2.0.4, X-CUBE-NFC7_V1.0.0, X-CUBE-SFXS2LP1_V4.0.0, X-CUBE-SUBG2_V5.0.0]
2022-10-20 00:43:29,639 [INFO] DbBoardsSqlite:227 - include board P-NUCLEO-WB55-NUCLEO as a kit item of type 'Nucleo-64'
2022-10-20 00:43:29,640 [INFO] DbBoardsSqlite:227 - include board P-NUCLEO-WB55-USBDONGLE as a kit item of type 'Nucleo USB Dongle'
2022-10-20 00:43:29,640 [INFO] DbBoardsSqlite:227 - include board STEVAL-IDP005V1 as a kit item of type 'Evaluation Board'
2022-10-20 00:43:29,640 [INFO] DbBoardsSqlite:227 - include board STEVAL-IDP005V2 as a kit item of type 'Evaluation Board'
2022-10-20 00:43:29,649 [INFO] ApiDb:239 - Found 138 in-development CPN: [B-WB1M-WPAN1, NUCLEO-C031C6, STEVAL-STWINBX1, STM320518-EVAL, STM32C0116-DK, STM32C011D6Y3TR, STM32C011D6Y6TR, STM32C011F4P3, STM32C011F4P6, STM32C011F4U3, STM32C011F4U6TR, STM32C011F6P3, STM32C011F6P6, STM32C011F6U3, STM32C011F6U6TR, STM32C011J4M3, STM32C011J4M6, STM32C011J6M3, STM32C011J6M6, STM32C0316-DK, STM32C031C4T3, STM32C031C4T6, STM32C031C4U3, STM32C031C4U6, STM32C031C6T3, STM32C031C6T6, STM32C031C6U3, STM32C031C6U6, STM32C031F4P3, STM32C031F4P6, STM32C031F6P3, STM32C031F6P6, STM32C031G4U3, STM32C031G4U6, STM32C031G6U3, STM32C031G6U6, STM32C031K4T3, STM32C031K4T6, STM32C031K4U3, STM32C031K4U6, STM32C031K6T3, STM32C031K6T6, STM32C031K6U3, STM32C031K6U6, STM32G071K8TXN, STM32G071K8UXN, STM32G081GBU6N, STM32G081KBT6N, STM32G081KBUXN, STM32G0B1CCT6N, STM32G0B1KCT6, STM32G0B1NEY6TR, STM32G0B1RCT6N, STM32G0C1CCT6, STM32G0C1CCT6N, STM32G0C1CCU6N, STM32G0C1CET6N, STM32G0C1CEU6N, STM32G0C1KCT6, STM32G0C1NEY6TR, STM32G0C1RCI6N, STM32G0C1RCT6N, STM32G0C1REI6N, STM32G0C1RET6N, STM32G0C1VCI6, STM32G0C1VEI6, STM32G471CCT6, STM32G471CCU6, STM32G471CET3, STM32G471CET6, STM32G471CEU3, STM32G471CEU6, STM32G471MCT6, STM32G471MET3, STM32G471MET6, STM32G471MEY6TR, STM32G471QCT6, STM32G471QET3, STM32G471RCT6, STM32G471RET3, STM32G471RET6, STM32G471VCH6, STM32G471VCI6, STM32G471VCT6, STM32G471VEH3, STM32G471VEH6, STM32G471VEI3, STM32G471VEI6, STM32G471VET3, STM32G471VET6, STM32G474CCT6, STM32L476VGY6PTR, STM32L4R5QGI6STR, STM32MP131AAE3, STM32MP131AAF3, STM32MP131AAG3, STM32MP131CAE3, STM32MP131CAF3, STM32MP131CAG3, STM32MP131DAE7, STM32MP131DAF7, STM32MP131DAG7, STM32MP131FAE7, STM32MP131FAF7, STM32MP131FAG7, STM32MP133AAE3, STM32MP133AAF3, STM32MP133AAG3, STM32MP133CAE3, STM32MP133CAF3, STM32MP133CAG3, STM32MP133DAE7, STM32MP133DAF7, STM32MP133DAG7, STM32MP133FAE7, STM32MP133FAF7, STM32MP133FAG7, STM32MP135AAE3, STM32MP135AAF3, STM32MP135AAG3, STM32MP135CAE3, STM32MP135CAF3, STM32MP135CAG3, STM32MP135DAE7, STM32MP135DAF7, STM32MP135DAG7, STM32MP135F-DK, STM32MP135FAE7, STM32MP135FAF7, STM32MP135FAG7, STM32U595ZJT6Q, STM32U599BJY6QTR, STM32U599NIH6Q, STM32U599NJH6Q, STM32U5A5ZJT6Q, STM32U5A9BJY6QTR, STM32U5A9NJH6Q, STM32WB1MMCH6]
2022-10-20 00:43:29,748 [INFO] BoardInfo:879 - No configuration file found for board P-NUCLEO-WB55
2022-10-20 00:43:29,748 [INFO] DbBoards:156 - Kit is not supported: P-NUCLEO-WB55
2022-10-20 00:43:29,756 [INFO] BoardInfo:879 - No configuration file found for board STEVAL-BFA001V1B
2022-10-20 00:43:29,756 [INFO] DbBoards:156 - Kit is not supported: STEVAL-BFA001V1B
2022-10-20 00:43:29,757 [INFO] BoardInfo:879 - No configuration file found for board STEVAL-BFA001V2B
2022-10-20 00:43:29,757 [INFO] DbBoards:156 - Kit is not supported: STEVAL-BFA001V2B
2022-10-20 00:43:29,921 [INFO] DbBoards:160 - Found 176 boards, 173 are supported
2022-10-20 00:43:29,923 [INFO] ApiDb:418 - Load user favorites file C:\Users\blue/.stm32cubeide/favorites.boards.txt: 0 item(s)
2022-10-20 00:43:29,923 [INFO] ApiDb:422 - User favorites Boards=[]
2022-10-20 00:43:29,923 [INFO] DbBoards:189 - Set 0 / 0 favorites Boards
2022-10-20 00:43:30,217 [INFO] LoadUrlFilesThread:177 - End of LoadServerUrlFiles without Thread
2022-10-20 00:43:30,217 [INFO] MultiScanPanel:785 - Refresh data is successful
2022-10-20 00:43:30,223 [INFO] ApiDb:663 - CubeFinder database Data Model version=2.1
2022-10-20 00:43:30,223 [INFO] ApiDb:664 - CubeFinder database Configuration version=3.0.32
2022-10-20 00:43:30,223 [INFO] ApiDb:665 - CubeFinder database generation date=2022-08-05 (1659688109)
2022-10-20 00:43:30,224 [INFO] ApiDb:666 - CubeFinder database FW Pack versions=[STM32Cube_FW_C0_V1.0.0, STM32Cube_FW_F4_V1.27.1, STM32Cube_FW_F7_V1.17.0, STM32Cube_FW_G0_V1.6.1, STM32Cube_FW_G4_V1.5.0, STM32Cube_FW_H7_V1.10.0, STM32Cube_FW_L5_V1.4.0, STM32Cube_FW_U5_V1.1.1, STM32Cube_FW_WB_V1.14.1, STM32Cube_FW_WL_V1.2.0, X-CUBE-ALGOBUILD_V1.3.0, X-CUBE-ALS_V1.0.1, X-CUBE-AZRTOS-F4_V1.1.0, X-CUBE-AZRTOS-F7_V1.1.0, X-CUBE-AZRTOS-G0_V1.1.0, X-CUBE-AZRTOS-G4_V1.0.0, X-CUBE-AZRTOS-H7_V2.1.0, X-CUBE-AZRTOS-L4_V1.0.0, X-CUBE-AZRTOS-L5_V1.0.0, X-CUBE-AZRTOS-WL_V1.0.0, X-CUBE-BLE1_V6.2.3, X-CUBE-BLE2_V3.3.0, X-CUBE-EEPRMA1_V3.1.1, X-CUBE-GNSS1_V6.0.0, X-CUBE-MEMS1_V9.1.0, X-CUBE-MEMS1_V9.3.0, X-CUBE-NFC4_V2.0.4, X-CUBE-NFC7_V1.0.0, X-CUBE-SFXS2LP1_V4.0.0, X-CUBE-SUBG2_V5.0.0]
2022-10-20 00:43:30,967 [INFO] DbExamplesSqlite:374 - Ignored 31 examples not supported by CubeIDE
2022-10-20 00:43:30,967 [INFO] DbExamplesSqlite:375 - Found 6197 examples active
2022-10-20 00:43:30,968 [INFO] DbExamplesSqlite:376 - Found 89 examples obsolete
2022-10-20 00:43:30,968 [INFO] DbExamplesSqlite:377 - Found 0 examples under development
2022-10-20 00:43:30,968 [INFO] DbExamplesSqlite:378 - Found 76 examples not building
2022-10-20 00:43:30,969 [INFO] DbExamples:124 - Found 6242 examples
2022-10-20 00:43:30,981 [INFO] DbExamples:221 - Found 77 boards with related examples
2022-10-20 00:43:30,983 [INFO] DbExamples:234 - Found 64 MCUs with related examples
2022-10-20 00:43:31,008 [INFO] ApiDb:409 - User favorites file not found: C:\Users\blue/.stm32cubeide/favorites.examples.txt
2022-10-20 00:43:31,011 [INFO] DbExamples:249 - Set 0 / 0 favorites Examples
2022-10-20 00:43:31,570 [INFO] ServerAccessManage:474 - Download File cube-finder-db.zip
2022-10-20 00:43:48,746 [INFO] FileExtend:239 - Unzip File : cube-finder-db.zip
2022-10-20 00:43:48,747 [INFO] FileExtend:254 - Standard Zip Deflate
2022-10-20 00:43:49,323 [INFO] LoadUrlFilesThread:150 - End of LoadUrlFiles Thread
2022-10-20 00:43:52,551 [INFO] ServerAccessManage:474 - Download File crdb.zip
2022-10-20 00:43:53,015 [INFO] FileExtend:239 - Unzip File : crdb.zip
2022-10-20 00:43:53,015 [INFO] FileExtend:254 - Standard Zip Deflate
2022-10-20 00:43:53,147 [INFO] LoadUrlFilesThread:150 - End of LoadUrlFiles Thread
2022-10-20 00:43:53,179 [INFO] ServerAccessManage:474 - Download File tutoVideoDB.zip
2022-10-20 00:43:53,249 [INFO] FileExtend:239 - Unzip File : tutoVideoDB.zip
2022-10-20 00:43:53,249 [INFO] FileExtend:254 - Standard Zip Deflate
2022-10-20 00:43:53,382 [INFO] LoadUrlFilesThread:150 - End of LoadUrlFiles Thread
2022-10-20 00:43:53,383 [WARN] DbFile:40 - Overriding database path with different value: C:\Users\blue\.stmcufinder\plugins\mcufinder/ => C:\Users\blue\.stmcufinder\plugins\mcufinder
2022-10-20 00:43:53,407 [INFO] ServerAccessManage:474 - Download File api_config.json
2022-10-20 00:43:53,517 [INFO] LoadUrlFilesThread:150 - End of LoadUrlFiles Thread
2022-10-20 00:43:53,518 [INFO] DbMcusAds:52 - JSON generation date=Thu Sep 30 09:55:09 TRT 2021 (1632984909377)
2022-10-20 00:43:53,520 [INFO] ApiDb:443 - Save user favorites file C:\Users\blue/.stm32cubeide/favorites.mcus.txt: 2 item(s)
2022-10-20 00:43:53,520 [INFO] ApiDb:447 - User favorites MCUs=[STM32F030C8T6, STM32F407VGT6]
2022-10-20 00:43:53,524 [INFO] ApiDb:576 - Connected to CubeFinder SQLite database (C:\Users\blue\.stmcufinder\plugins\mcufinder\mcu\cube-finder-db.db)
2022-10-20 00:43:53,560 [INFO] ApiDb:663 - CubeFinder database Data Model version=2.1
2022-10-20 00:43:53,560 [INFO] ApiDb:664 - CubeFinder database Configuration version=3.0.32
2022-10-20 00:43:53,560 [INFO] ApiDb:665 - CubeFinder database generation date=2022-08-05 (1659688109)
2022-10-20 00:43:53,560 [INFO] ApiDb:666 - CubeFinder database FW Pack versions=[STM32Cube_FW_C0_V1.0.0, STM32Cube_FW_F4_V1.27.1, STM32Cube_FW_F7_V1.17.0, STM32Cube_FW_G0_V1.6.1, STM32Cube_FW_G4_V1.5.0, STM32Cube_FW_H7_V1.10.0, STM32Cube_FW_L5_V1.4.0, STM32Cube_FW_U5_V1.1.1, STM32Cube_FW_WB_V1.14.1, STM32Cube_FW_WL_V1.2.0, X-CUBE-ALGOBUILD_V1.3.0, X-CUBE-ALS_V1.0.1, X-CUBE-AZRTOS-F4_V1.1.0, X-CUBE-AZRTOS-F7_V1.1.0, X-CUBE-AZRTOS-G0_V1.1.0, X-CUBE-AZRTOS-G4_V1.0.0, X-CUBE-AZRTOS-H7_V2.1.0, X-CUBE-AZRTOS-L4_V1.0.0, X-CUBE-AZRTOS-L5_V1.0.0, X-CUBE-AZRTOS-WL_V1.0.0, X-CUBE-BLE1_V6.2.3, X-CUBE-BLE2_V3.3.0, X-CUBE-EEPRMA1_V3.1.1, X-CUBE-GNSS1_V6.0.0, X-CUBE-MEMS1_V9.1.0, X-CUBE-MEMS1_V9.3.0, X-CUBE-NFC4_V2.0.4, X-CUBE-NFC7_V1.0.0, X-CUBE-SFXS2LP1_V4.0.0, X-CUBE-SUBG2_V5.0.0]
2022-10-20 00:43:55,452 [INFO] ApiDb:239 - Found 138 in-development CPN: [B-WB1M-WPAN1, NUCLEO-C031C6, STEVAL-STWINBX1, STM320518-EVAL, STM32C0116-DK, STM32C011D6Y3TR, STM32C011D6Y6TR, STM32C011F4P3, STM32C011F4P6, STM32C011F4U3, STM32C011F4U6TR, STM32C011F6P3, STM32C011F6P6, STM32C011F6U3, STM32C011F6U6TR, STM32C011J4M3, STM32C011J4M6, STM32C011J6M3, STM32C011J6M6, STM32C0316-DK, STM32C031C4T3, STM32C031C4T6, STM32C031C4U3, STM32C031C4U6, STM32C031C6T3, STM32C031C6T6, STM32C031C6U3, STM32C031C6U6, STM32C031F4P3, STM32C031F4P6, STM32C031F6P3, STM32C031F6P6, STM32C031G4U3, STM32C031G4U6, STM32C031G6U3, STM32C031G6U6, STM32C031K4T3, STM32C031K4T6, STM32C031K4U3, STM32C031K4U6, STM32C031K6T3, STM32C031K6T6, STM32C031K6U3, STM32C031K6U6, STM32G071K8TXN, STM32G071K8UXN, STM32G081GBU6N, STM32G081KBT6N, STM32G081KBUXN, STM32G0B1CCT6N, STM32G0B1KCT6, STM32G0B1NEY6TR, STM32G0B1RCT6N, STM32G0C1CCT6, STM32G0C1CCT6N, STM32G0C1CCU6N, STM32G0C1CET6N, STM32G0C1CEU6N, STM32G0C1KCT6, STM32G0C1NEY6TR, STM32G0C1RCI6N, STM32G0C1RCT6N, STM32G0C1REI6N, STM32G0C1RET6N, STM32G0C1VCI6, STM32G0C1VEI6, STM32G471CCT6, STM32G471CCU6, STM32G471CET3, STM32G471CET6, STM32G471CEU3, STM32G471CEU6, STM32G471MCT6, STM32G471MET3, STM32G471MET6, STM32G471MEY6TR, STM32G471QCT6, STM32G471QET3, STM32G471RCT6, STM32G471RET3, STM32G471RET6, STM32G471VCH6, STM32G471VCI6, STM32G471VCT6, STM32G471VEH3, STM32G471VEH6, STM32G471VEI3, STM32G471VEI6, STM32G471VET3, STM32G471VET6, STM32G474CCT6, STM32L476VGY6PTR, STM32L4R5QGI6STR, STM32MP131AAE3, STM32MP131AAF3, STM32MP131AAG3, STM32MP131CAE3, STM32MP131CAF3, STM32MP131CAG3, STM32MP131DAE7, STM32MP131DAF7, STM32MP131DAG7, STM32MP131FAE7, STM32MP131FAF7, STM32MP131FAG7, STM32MP133AAE3, STM32MP133AAF3, STM32MP133AAG3, STM32MP133CAE3, STM32MP133CAF3, STM32MP133CAG3, STM32MP133DAE7, STM32MP133DAF7, STM32MP133DAG7, STM32MP133FAE7, STM32MP133FAF7, STM32MP133FAG7, STM32MP135AAE3, STM32MP135AAF3, STM32MP135AAG3, STM32MP135CAE3, STM32MP135CAF3, STM32MP135CAG3, STM32MP135DAE7, STM32MP135DAF7, STM32MP135DAG7, STM32MP135F-DK, STM32MP135FAE7, STM32MP135FAF7, STM32MP135FAG7, STM32U595ZJT6Q, STM32U599BJY6QTR, STM32U599NIH6Q, STM32U599NJH6Q, STM32U5A5ZJT6Q, STM32U5A9BJY6QTR, STM32U5A9NJH6Q, STM32WB1MMCH6]
2022-10-20 00:43:55,453 [INFO] DbMcus:215 - Found 3542 MCUs, 3542 are supported
2022-10-20 00:43:55,453 [INFO] ApiDb:418 - Load user favorites file C:\Users\blue/.stm32cubeide/favorites.mcus.txt: 2 item(s)
2022-10-20 00:43:55,453 [INFO] ApiDb:422 - User favorites MCUs=[STM32F030C8T6, STM32F407VGT6]
2022-10-20 00:43:55,453 [INFO] DbMcus:221 - Set 2 / 2 favorites MCUs
2022-10-20 00:43:55,681 [INFO] ApiDb:443 - Save user favorites file C:\Users\blue/.stm32cubeide/favorites.boards.txt: 0 item(s)
2022-10-20 00:43:55,681 [INFO] ApiDb:447 - User favorites Boards=[]
2022-10-20 00:43:55,683 [INFO] ApiDb:576 - Connected to CubeFinder SQLite database (C:\Users\blue\.stmcufinder\plugins\mcufinder\mcu\cube-finder-db.db)
2022-10-20 00:43:55,705 [INFO] ApiDb:663 - CubeFinder database Data Model version=2.1
2022-10-20 00:43:55,705 [INFO] ApiDb:664 - CubeFinder database Configuration version=3.0.32
2022-10-20 00:43:55,705 [INFO] ApiDb:665 - CubeFinder database generation date=2022-08-05 (1659688109)
2022-10-20 00:43:55,705 [INFO] ApiDb:666 - CubeFinder database FW Pack versions=[STM32Cube_FW_C0_V1.0.0, STM32Cube_FW_F4_V1.27.1, STM32Cube_FW_F7_V1.17.0, STM32Cube_FW_G0_V1.6.1, STM32Cube_FW_G4_V1.5.0, STM32Cube_FW_H7_V1.10.0, STM32Cube_FW_L5_V1.4.0, STM32Cube_FW_U5_V1.1.1, STM32Cube_FW_WB_V1.14.1, STM32Cube_FW_WL_V1.2.0, X-CUBE-ALGOBUILD_V1.3.0, X-CUBE-ALS_V1.0.1, X-CUBE-AZRTOS-F4_V1.1.0, X-CUBE-AZRTOS-F7_V1.1.0, X-CUBE-AZRTOS-G0_V1.1.0, X-CUBE-AZRTOS-G4_V1.0.0, X-CUBE-AZRTOS-H7_V2.1.0, X-CUBE-AZRTOS-L4_V1.0.0, X-CUBE-AZRTOS-L5_V1.0.0, X-CUBE-AZRTOS-WL_V1.0.0, X-CUBE-BLE1_V6.2.3, X-CUBE-BLE2_V3.3.0, X-CUBE-EEPRMA1_V3.1.1, X-CUBE-GNSS1_V6.0.0, X-CUBE-MEMS1_V9.1.0, X-CUBE-MEMS1_V9.3.0, X-CUBE-NFC4_V2.0.4, X-CUBE-NFC7_V1.0.0, X-CUBE-SFXS2LP1_V4.0.0, X-CUBE-SUBG2_V5.0.0]
2022-10-20 00:43:55,757 [INFO] DbBoardsSqlite:227 - include board P-NUCLEO-WB55-NUCLEO as a kit item of type 'Nucleo-64'
2022-10-20 00:43:55,758 [INFO] DbBoardsSqlite:227 - include board P-NUCLEO-WB55-USBDONGLE as a kit item of type 'Nucleo USB Dongle'
2022-10-20 00:43:55,758 [INFO] DbBoardsSqlite:227 - include board STEVAL-IDP005V1 as a kit item of type 'Evaluation Board'
2022-10-20 00:43:55,758 [INFO] DbBoardsSqlite:227 - include board STEVAL-IDP005V2 as a kit item of type 'Evaluation Board'
2022-10-20 00:43:55,766 [INFO] ApiDb:239 - Found 138 in-development CPN: [B-WB1M-WPAN1, NUCLEO-C031C6, STEVAL-STWINBX1, STM320518-EVAL, STM32C0116-DK, STM32C011D6Y3TR, STM32C011D6Y6TR, STM32C011F4P3, STM32C011F4P6, STM32C011F4U3, STM32C011F4U6TR, STM32C011F6P3, STM32C011F6P6, STM32C011F6U3, STM32C011F6U6TR, STM32C011J4M3, STM32C011J4M6, STM32C011J6M3, STM32C011J6M6, STM32C0316-DK, STM32C031C4T3, STM32C031C4T6, STM32C031C4U3, STM32C031C4U6, STM32C031C6T3, STM32C031C6T6, STM32C031C6U3, STM32C031C6U6, STM32C031F4P3, STM32C031F4P6, STM32C031F6P3, STM32C031F6P6, STM32C031G4U3, STM32C031G4U6, STM32C031G6U3, STM32C031G6U6, STM32C031K4T3, STM32C031K4T6, STM32C031K4U3, STM32C031K4U6, STM32C031K6T3, STM32C031K6T6, STM32C031K6U3, STM32C031K6U6, STM32G071K8TXN, STM32G071K8UXN, STM32G081GBU6N, STM32G081KBT6N, STM32G081KBUXN, STM32G0B1CCT6N, STM32G0B1KCT6, STM32G0B1NEY6TR, STM32G0B1RCT6N, STM32G0C1CCT6, STM32G0C1CCT6N, STM32G0C1CCU6N, STM32G0C1CET6N, STM32G0C1CEU6N, STM32G0C1KCT6, STM32G0C1NEY6TR, STM32G0C1RCI6N, STM32G0C1RCT6N, STM32G0C1REI6N, STM32G0C1RET6N, STM32G0C1VCI6, STM32G0C1VEI6, STM32G471CCT6, STM32G471CCU6, STM32G471CET3, STM32G471CET6, STM32G471CEU3, STM32G471CEU6, STM32G471MCT6, STM32G471MET3, STM32G471MET6, STM32G471MEY6TR, STM32G471QCT6, STM32G471QET3, STM32G471RCT6, STM32G471RET3, STM32G471RET6, STM32G471VCH6, STM32G471VCI6, STM32G471VCT6, STM32G471VEH3, STM32G471VEH6, STM32G471VEI3, STM32G471VEI6, STM32G471VET3, STM32G471VET6, STM32G474CCT6, STM32L476VGY6PTR, STM32L4R5QGI6STR, STM32MP131AAE3, STM32MP131AAF3, STM32MP131AAG3, STM32MP131CAE3, STM32MP131CAF3, STM32MP131CAG3, STM32MP131DAE7, STM32MP131DAF7, STM32MP131DAG7, STM32MP131FAE7, STM32MP131FAF7, STM32MP131FAG7, STM32MP133AAE3, STM32MP133AAF3, STM32MP133AAG3, STM32MP133CAE3, STM32MP133CAF3, STM32MP133CAG3, STM32MP133DAE7, STM32MP133DAF7, STM32MP133DAG7, STM32MP133FAE7, STM32MP133FAF7, STM32MP133FAG7, STM32MP135AAE3, STM32MP135AAF3, STM32MP135AAG3, STM32MP135CAE3, STM32MP135CAF3, STM32MP135CAG3, STM32MP135DAE7, STM32MP135DAF7, STM32MP135DAG7, STM32MP135F-DK, STM32MP135FAE7, STM32MP135FAF7, STM32MP135FAG7, STM32U595ZJT6Q, STM32U599BJY6QTR, STM32U599NIH6Q, STM32U599NJH6Q, STM32U5A5ZJT6Q, STM32U5A9BJY6QTR, STM32U5A9NJH6Q, STM32WB1MMCH6]
2022-10-20 00:43:55,855 [INFO] BoardInfo:879 - No configuration file found for board P-NUCLEO-WB55
2022-10-20 00:43:55,855 [INFO] DbBoards:156 - Kit is not supported: P-NUCLEO-WB55
2022-10-20 00:43:55,861 [INFO] BoardInfo:879 - No configuration file found for board STEVAL-BFA001V1B
2022-10-20 00:43:55,861 [INFO] DbBoards:156 - Kit is not supported: STEVAL-BFA001V1B
2022-10-20 00:43:55,862 [INFO] BoardInfo:879 - No configuration file found for board STEVAL-BFA001V2B
2022-10-20 00:43:55,862 [INFO] DbBoards:156 - Kit is not supported: STEVAL-BFA001V2B
2022-10-20 00:43:55,993 [INFO] DbBoards:160 - Found 176 boards, 173 are supported
2022-10-20 00:43:55,995 [INFO] ApiDb:418 - Load user favorites file C:\Users\blue/.stm32cubeide/favorites.boards.txt: 0 item(s)
2022-10-20 00:43:55,995 [INFO] ApiDb:422 - User favorites Boards=[]
2022-10-20 00:43:55,995 [INFO] DbBoards:189 - Set 0 / 0 favorites Boards
2022-10-20 00:43:56,321 [INFO] ApiDb:443 - Save user favorites file C:\Users\blue/.stm32cubeide/favorites.examples.txt: 0 item(s)
2022-10-20 00:43:56,321 [INFO] ApiDb:447 - User favorites Examples=[]
2022-10-20 00:43:56,322 [INFO] ApiDb:576 - Connected to CubeFinder SQLite database (C:\Users\blue\.stmcufinder\plugins\mcufinder\mcu\cube-finder-db.db)
2022-10-20 00:43:56,345 [INFO] ApiDb:663 - CubeFinder database Data Model version=2.1
2022-10-20 00:43:56,345 [INFO] ApiDb:664 - CubeFinder database Configuration version=3.0.32
2022-10-20 00:43:56,345 [INFO] ApiDb:665 - CubeFinder database generation date=2022-08-05 (1659688109)
2022-10-20 00:43:56,345 [INFO] ApiDb:666 - CubeFinder database FW Pack versions=[STM32Cube_FW_C0_V1.0.0, STM32Cube_FW_F4_V1.27.1, STM32Cube_FW_F7_V1.17.0, STM32Cube_FW_G0_V1.6.1, STM32Cube_FW_G4_V1.5.0, STM32Cube_FW_H7_V1.10.0, STM32Cube_FW_L5_V1.4.0, STM32Cube_FW_U5_V1.1.1, STM32Cube_FW_WB_V1.14.1, STM32Cube_FW_WL_V1.2.0, X-CUBE-ALGOBUILD_V1.3.0, X-CUBE-ALS_V1.0.1, X-CUBE-AZRTOS-F4_V1.1.0, X-CUBE-AZRTOS-F7_V1.1.0, X-CUBE-AZRTOS-G0_V1.1.0, X-CUBE-AZRTOS-G4_V1.0.0, X-CUBE-AZRTOS-H7_V2.1.0, X-CUBE-AZRTOS-L4_V1.0.0, X-CUBE-AZRTOS-L5_V1.0.0, X-CUBE-AZRTOS-WL_V1.0.0, X-CUBE-BLE1_V6.2.3, X-CUBE-BLE2_V3.3.0, X-CUBE-EEPRMA1_V3.1.1, X-CUBE-GNSS1_V6.0.0, X-CUBE-MEMS1_V9.1.0, X-CUBE-MEMS1_V9.3.0, X-CUBE-NFC4_V2.0.4, X-CUBE-NFC7_V1.0.0, X-CUBE-SFXS2LP1_V4.0.0, X-CUBE-SUBG2_V5.0.0]
2022-10-20 00:43:57,096 [INFO] DbExamplesSqlite:374 - Ignored 31 examples not supported by CubeIDE
2022-10-20 00:43:57,096 [INFO] DbExamplesSqlite:375 - Found 6197 examples active
2022-10-20 00:43:57,096 [INFO] DbExamplesSqlite:376 - Found 89 examples obsolete
2022-10-20 00:43:57,096 [INFO] DbExamplesSqlite:377 - Found 0 examples under development
2022-10-20 00:43:57,096 [INFO] DbExamplesSqlite:378 - Found 76 examples not building
2022-10-20 00:43:57,097 [INFO] DbExamples:124 - Found 6242 examples
2022-10-20 00:43:57,105 [INFO] DbExamples:221 - Found 77 boards with related examples
2022-10-20 00:43:57,106 [INFO] DbExamples:234 - Found 64 MCUs with related examples
2022-10-20 00:43:57,122 [INFO] ApiDb:418 - Load user favorites file C:\Users\blue/.stm32cubeide/favorites.examples.txt: 0 item(s)
2022-10-20 00:43:57,123 [INFO] ApiDb:422 - User favorites Examples=[]
2022-10-20 00:43:57,123 [INFO] DbExamples:249 - Set 0 / 0 favorites Examples
2022-10-20 00:43:57,533 [INFO] LoadUrlFilesThread:177 - End of LoadServerUrlFiles without Thread
2022-10-20 00:43:57,533 [INFO] TargetSelectorAdapter:228 - Refresh data is successful
2022-10-20 00:43:57,558 [INFO] McuFinderGlobals:57 - Set McuFinderConnectedMode to true
2022-10-20 00:43:57,559 [INFO] MultiScanPanel:195 - Auto-refresh data requested => check proxy status ongoing
2022-10-20 00:43:57,559 [INFO] FinderPluginLoader:92 - Searching for filters in installed packs
2022-10-20 00:43:58,142 [INFO] LoadUrlFilesThread:177 - End of LoadServerUrlFiles without Thread
2022-10-20 00:43:58,143 [INFO] DetailPanel:339 - Set advertising image to C:/Users/blue/STM32Cube/Repository/\en.Prom_NBSTM32U50921.jpg
2022-10-20 00:44:20,676 [INFO] McuFinderGlobals:57 - Set McuFinderConnectedMode to true
2022-10-20 00:44:20,677 [INFO] ApiDb:443 - Save user favorites file C:\Users\blue/.stm32cubeide/favorites.mcus.txt: 2 item(s)
2022-10-20 00:44:20,678 [INFO] ApiDb:447 - User favorites MCUs=[STM32F030C8T6, STM32F407VGT6]
2022-10-20 00:45:25,026 [INFO] MainUpdater:2768 - connection check result : 10
2022-10-20 00:45:25,097 [INFO] McuFinderGlobals:57 - Set McuFinderConnectedMode to true
2022-10-20 00:45:25,098 [INFO] MultiScanPanel:195 - Auto-refresh data requested => check proxy status ongoing
2022-10-20 00:45:25,098 [INFO] FinderPluginLoader:92 - Searching for filters in installed packs
2022-10-20 00:45:25,560 [INFO] LoadUrlFilesThread:177 - End of LoadServerUrlFiles without Thread
2022-10-20 00:45:25,561 [INFO] DetailPanel:339 - Set advertising image to C:/Users/blue/STM32Cube/Repository/\en.Prom_NBSTM32U50921.jpg
2022-10-20 00:45:25,910 [INFO] ApiDb:576 - Connected to CubeFinder SQLite database (C:\Users\blue\.stmcufinder\plugins\mcufinder\mcu\cube-finder-db.db)
2022-10-20 00:45:25,933 [INFO] ApiDb:663 - CubeFinder database Data Model version=2.1
2022-10-20 00:45:25,933 [INFO] ApiDb:664 - CubeFinder database Configuration version=3.0.32
2022-10-20 00:45:25,933 [INFO] ApiDb:665 - CubeFinder database generation date=2022-08-05 (1659688109)
2022-10-20 00:45:25,933 [INFO] ApiDb:666 - CubeFinder database FW Pack versions=[STM32Cube_FW_C0_V1.0.0, STM32Cube_FW_F4_V1.27.1, STM32Cube_FW_F7_V1.17.0, STM32Cube_FW_G0_V1.6.1, STM32Cube_FW_G4_V1.5.0, STM32Cube_FW_H7_V1.10.0, STM32Cube_FW_L5_V1.4.0, STM32Cube_FW_U5_V1.1.1, STM32Cube_FW_WB_V1.14.1, STM32Cube_FW_WL_V1.2.0, X-CUBE-ALGOBUILD_V1.3.0, X-CUBE-ALS_V1.0.1, X-CUBE-AZRTOS-F4_V1.1.0, X-CUBE-AZRTOS-F7_V1.1.0, X-CUBE-AZRTOS-G0_V1.1.0, X-CUBE-AZRTOS-G4_V1.0.0, X-CUBE-AZRTOS-H7_V2.1.0, X-CUBE-AZRTOS-L4_V1.0.0, X-CUBE-AZRTOS-L5_V1.0.0, X-CUBE-AZRTOS-WL_V1.0.0, X-CUBE-BLE1_V6.2.3, X-CUBE-BLE2_V3.3.0, X-CUBE-EEPRMA1_V3.1.1, X-CUBE-GNSS1_V6.0.0, X-CUBE-MEMS1_V9.1.0, X-CUBE-MEMS1_V9.3.0, X-CUBE-NFC4_V2.0.4, X-CUBE-NFC7_V1.0.0, X-CUBE-SFXS2LP1_V4.0.0, X-CUBE-SUBG2_V5.0.0]
2022-10-20 00:45:26,554 [INFO] DbExamplesSqlite:374 - Ignored 31 examples not supported by CubeIDE
2022-10-20 00:45:26,555 [INFO] DbExamplesSqlite:375 - Found 6197 examples active
2022-10-20 00:45:26,555 [INFO] DbExamplesSqlite:376 - Found 89 examples obsolete
2022-10-20 00:45:26,555 [INFO] DbExamplesSqlite:377 - Found 0 examples under development
2022-10-20 00:45:26,555 [INFO] DbExamplesSqlite:378 - Found 76 examples not building
2022-10-20 00:45:26,556 [INFO] DbExamples:124 - Found 6242 examples
2022-10-20 00:45:26,570 [INFO] DbExamples:221 - Found 77 boards with related examples
2022-10-20 00:45:26,571 [INFO] DbExamples:234 - Found 64 MCUs with related examples
2022-10-20 00:45:26,586 [INFO] ApiDb:418 - Load user favorites file C:\Users\blue/.stm32cubeide/favorites.examples.txt: 0 item(s)
2022-10-20 00:45:26,586 [INFO] ApiDb:422 - User favorites Examples=[]
2022-10-20 00:45:26,587 [INFO] DbExamples:249 - Set 0 / 0 favorites Examples
2022-10-20 00:45:26,979 [INFO] MultiScanPanel:778 - Auto Refresh Data is not needed
2022-10-20 00:45:59,557 [INFO] McuFinderGlobals:57 - Set McuFinderConnectedMode to true
2022-10-20 00:45:59,558 [INFO] ApiDb:443 - Save user favorites file C:\Users\blue/.stm32cubeide/favorites.mcus.txt: 2 item(s)
2022-10-20 00:45:59,559 [INFO] ApiDb:447 - User favorites MCUs=[STM32F030C8T6, STM32F407VGT6]
2022-10-20 00:47:34,744 [INFO] MainUpdater:2768 - connection check result : 10
2022-10-20 00:47:34,815 [INFO] McuFinderGlobals:57 - Set McuFinderConnectedMode to true
2022-10-20 00:47:34,816 [INFO] MultiScanPanel:195 - Auto-refresh data requested => check proxy status ongoing
2022-10-20 00:47:34,816 [INFO] FinderPluginLoader:92 - Searching for filters in installed packs
2022-10-20 00:47:35,341 [INFO] LoadUrlFilesThread:177 - End of LoadServerUrlFiles without Thread
2022-10-20 00:47:35,342 [INFO] DetailPanel:339 - Set advertising image to C:/Users/blue/STM32Cube/Repository/\en.Prom_NBSTM32U50921.jpg
2022-10-20 00:47:35,634 [INFO] ApiDb:576 - Connected to CubeFinder SQLite database (C:\Users\blue\.stmcufinder\plugins\mcufinder\mcu\cube-finder-db.db)
2022-10-20 00:47:35,657 [INFO] ApiDb:663 - CubeFinder database Data Model version=2.1
2022-10-20 00:47:35,657 [INFO] ApiDb:664 - CubeFinder database Configuration version=3.0.32
2022-10-20 00:47:35,657 [INFO] ApiDb:665 - CubeFinder database generation date=2022-08-05 (1659688109)
2022-10-20 00:47:35,658 [INFO] ApiDb:666 - CubeFinder database FW Pack versions=[STM32Cube_FW_C0_V1.0.0, STM32Cube_FW_F4_V1.27.1, STM32Cube_FW_F7_V1.17.0, STM32Cube_FW_G0_V1.6.1, STM32Cube_FW_G4_V1.5.0, STM32Cube_FW_H7_V1.10.0, STM32Cube_FW_L5_V1.4.0, STM32Cube_FW_U5_V1.1.1, STM32Cube_FW_WB_V1.14.1, STM32Cube_FW_WL_V1.2.0, X-CUBE-ALGOBUILD_V1.3.0, X-CUBE-ALS_V1.0.1, X-CUBE-AZRTOS-F4_V1.1.0, X-CUBE-AZRTOS-F7_V1.1.0, X-CUBE-AZRTOS-G0_V1.1.0, X-CUBE-AZRTOS-G4_V1.0.0, X-CUBE-AZRTOS-H7_V2.1.0, X-CUBE-AZRTOS-L4_V1.0.0, X-CUBE-AZRTOS-L5_V1.0.0, X-CUBE-AZRTOS-WL_V1.0.0, X-CUBE-BLE1_V6.2.3, X-CUBE-BLE2_V3.3.0, X-CUBE-EEPRMA1_V3.1.1, X-CUBE-GNSS1_V6.0.0, X-CUBE-MEMS1_V9.1.0, X-CUBE-MEMS1_V9.3.0, X-CUBE-NFC4_V2.0.4, X-CUBE-NFC7_V1.0.0, X-CUBE-SFXS2LP1_V4.0.0, X-CUBE-SUBG2_V5.0.0]
2022-10-20 00:47:36,284 [INFO] DbExamplesSqlite:374 - Ignored 31 examples not supported by CubeIDE
2022-10-20 00:47:36,284 [INFO] DbExamplesSqlite:375 - Found 6197 examples active
2022-10-20 00:47:36,284 [INFO] DbExamplesSqlite:376 - Found 89 examples obsolete
2022-10-20 00:47:36,284 [INFO] DbExamplesSqlite:377 - Found 0 examples under development
2022-10-20 00:47:36,284 [INFO] DbExamplesSqlite:378 - Found 76 examples not building
2022-10-20 00:47:36,285 [INFO] DbExamples:124 - Found 6242 examples
2022-10-20 00:47:36,292 [INFO] DbExamples:221 - Found 77 boards with related examples
2022-10-20 00:47:36,293 [INFO] DbExamples:234 - Found 64 MCUs with related examples
2022-10-20 00:47:36,301 [INFO] ApiDb:418 - Load user favorites file C:\Users\blue/.stm32cubeide/favorites.examples.txt: 0 item(s)
2022-10-20 00:47:36,301 [INFO] ApiDb:422 - User favorites Examples=[]
2022-10-20 00:47:36,301 [INFO] DbExamples:249 - Set 0 / 0 favorites Examples
2022-10-20 00:47:36,573 [INFO] MultiScanPanel:778 - Auto Refresh Data is not needed
2022-10-20 00:47:56,228 [INFO] McuFinderGlobals:57 - Set McuFinderConnectedMode to true
2022-10-20 00:47:56,229 [INFO] ApiDb:443 - Save user favorites file C:\Users\blue/.stm32cubeide/favorites.mcus.txt: 2 item(s)
2022-10-20 00:47:56,230 [INFO] ApiDb:447 - User favorites MCUs=[STM32F030C8T6, STM32F407VGT6]
2022-10-20 00:51:37,114 [INFO] MainUpdater:2768 - connection check result : 10
2022-10-20 00:51:37,181 [INFO] McuFinderGlobals:57 - Set McuFinderConnectedMode to true
2022-10-20 00:51:37,182 [INFO] MultiScanPanel:195 - Auto-refresh data requested => check proxy status ongoing
2022-10-20 00:51:37,182 [INFO] FinderPluginLoader:92 - Searching for filters in installed packs
2022-10-20 00:51:37,582 [INFO] LoadUrlFilesThread:177 - End of LoadServerUrlFiles without Thread
2022-10-20 00:51:37,582 [INFO] DetailPanel:339 - Set advertising image to C:/Users/blue/STM32Cube/Repository/\en.Prom_NBSTM32U50921.jpg
2022-10-20 00:51:37,967 [INFO] ApiDb:576 - Connected to CubeFinder SQLite database (C:\Users\blue\.stmcufinder\plugins\mcufinder\mcu\cube-finder-db.db)
2022-10-20 00:51:37,987 [INFO] ApiDb:663 - CubeFinder database Data Model version=2.1
2022-10-20 00:51:37,988 [INFO] ApiDb:664 - CubeFinder database Configuration version=3.0.32
2022-10-20 00:51:37,988 [INFO] ApiDb:665 - CubeFinder database generation date=2022-08-05 (1659688109)
2022-10-20 00:51:37,988 [INFO] ApiDb:666 - CubeFinder database FW Pack versions=[STM32Cube_FW_C0_V1.0.0, STM32Cube_FW_F4_V1.27.1, STM32Cube_FW_F7_V1.17.0, STM32Cube_FW_G0_V1.6.1, STM32Cube_FW_G4_V1.5.0, STM32Cube_FW_H7_V1.10.0, STM32Cube_FW_L5_V1.4.0, STM32Cube_FW_U5_V1.1.1, STM32Cube_FW_WB_V1.14.1, STM32Cube_FW_WL_V1.2.0, X-CUBE-ALGOBUILD_V1.3.0, X-CUBE-ALS_V1.0.1, X-CUBE-AZRTOS-F4_V1.1.0, X-CUBE-AZRTOS-F7_V1.1.0, X-CUBE-AZRTOS-G0_V1.1.0, X-CUBE-AZRTOS-G4_V1.0.0, X-CUBE-AZRTOS-H7_V2.1.0, X-CUBE-AZRTOS-L4_V1.0.0, X-CUBE-AZRTOS-L5_V1.0.0, X-CUBE-AZRTOS-WL_V1.0.0, X-CUBE-BLE1_V6.2.3, X-CUBE-BLE2_V3.3.0, X-CUBE-EEPRMA1_V3.1.1, X-CUBE-GNSS1_V6.0.0, X-CUBE-MEMS1_V9.1.0, X-CUBE-MEMS1_V9.3.0, X-CUBE-NFC4_V2.0.4, X-CUBE-NFC7_V1.0.0, X-CUBE-SFXS2LP1_V4.0.0, X-CUBE-SUBG2_V5.0.0]
2022-10-20 00:51:38,585 [INFO] DbExamplesSqlite:374 - Ignored 31 examples not supported by CubeIDE
2022-10-20 00:51:38,585 [INFO] DbExamplesSqlite:375 - Found 6197 examples active
2022-10-20 00:51:38,585 [INFO] DbExamplesSqlite:376 - Found 89 examples obsolete
2022-10-20 00:51:38,585 [INFO] DbExamplesSqlite:377 - Found 0 examples under development
2022-10-20 00:51:38,585 [INFO] DbExamplesSqlite:378 - Found 76 examples not building
2022-10-20 00:51:38,586 [INFO] DbExamples:124 - Found 6242 examples
2022-10-20 00:51:38,593 [INFO] DbExamples:221 - Found 77 boards with related examples
2022-10-20 00:51:38,593 [INFO] DbExamples:234 - Found 64 MCUs with related examples
2022-10-20 00:51:38,603 [INFO] ApiDb:418 - Load user favorites file C:\Users\blue/.stm32cubeide/favorites.examples.txt: 0 item(s)
2022-10-20 00:51:38,603 [INFO] ApiDb:422 - User favorites Examples=[]
2022-10-20 00:51:38,603 [INFO] DbExamples:249 - Set 0 / 0 favorites Examples
2022-10-20 00:51:38,922 [INFO] MultiScanPanel:778 - Auto Refresh Data is not needed
2022-10-20 00:52:14,040 [INFO] McuFinderGlobals:57 - Set McuFinderConnectedMode to true
2022-10-20 00:52:14,042 [INFO] ApiDb:443 - Save user favorites file C:\Users\blue/.stm32cubeide/favorites.mcus.txt: 2 item(s)
2022-10-20 00:52:14,042 [INFO] ApiDb:447 - User favorites MCUs=[STM32F030C8T6, STM32F407VGT6]
